<?xml version="1.0" encoding="UTF-8"?>
<robot generator="Robot 7.3.2 (Python 3.13.7 on win32)" generated="2026-03-17T23:29:59.709194" rpa="false" schemaversion="5">
<suite id="s1" name="passengerGetNotify" source="C:\SoftEN\sprint3\SE_SEC1_6_PaiNamNae\test\backend\robot\passengerGetNotify\passengerGetNotify.robot">
<kw name="Open Browser To Login Page" type="SETUP">
<kw name="Open Browser" owner="SeleniumLibrary">
<msg time="2026-03-17T23:30:00.034950" level="INFO">Opening browser 'chrome' to base url 'http://localhost:3001/login'.</msg>
<arg>${BASE_URL}/login</arg>
<arg>${BROWSER}</arg>
<doc>Opens a new browser instance to the optional ``url``.</doc>
<status status="PASS" start="2026-03-17T23:30:00.034559" elapsed="1.375962"/>
</kw>
<kw name="Set Selenium Implicit Wait" owner="SeleniumLibrary">
<arg>${TIMEOUT}</arg>
<doc>Sets the implicit wait value used by Selenium.</doc>
<status status="PASS" start="2026-03-17T23:30:01.410951" elapsed="0.001612"/>
</kw>
<kw name="Wait Until Page Contains Element" owner="SeleniumLibrary">
<arg>id=identifier</arg>
<arg>${TIMEOUT}</arg>
<doc>Waits until the element ``locator`` appears on the current page.</doc>
<status status="PASS" start="2026-03-17T23:30:01.412778" elapsed="0.265062"/>
</kw>
<status status="PASS" start="2026-03-17T23:30:00.033599" elapsed="1.644452"/>
</kw>
<test id="s1-t1" name="Driver Creates A Route" line="444">
<kw name="Driver Login">
<kw name="Login As">
<kw name="Go To" owner="SeleniumLibrary">
<msg time="2026-03-17T23:30:01.680279" level="INFO">Opening url 'http://localhost:3001/login'</msg>
<arg>${BASE_URL}/login</arg>
<doc>Navigates the current browser window to the provided ``url``.</doc>
<status status="PASS" start="2026-03-17T23:30:01.680073" elapsed="0.056737"/>
</kw>
<kw name="Wait Until Page Contains Element" owner="SeleniumLibrary">
<arg>id=identifier</arg>
<arg>${TIMEOUT}</arg>
<doc>Waits until the element ``locator`` appears on the current page.</doc>
<status status="PASS" start="2026-03-17T23:30:01.737093" elapsed="0.040719"/>
</kw>
<kw name="Clear Element Text" owner="SeleniumLibrary">
<arg>id=identifier</arg>
<doc>Clears the value of the text-input-element identified by ``locator``.</doc>
<status status="PASS" start="2026-03-17T23:30:01.778103" elapsed="0.070353"/>
</kw>
<kw name="Input Text" owner="SeleniumLibrary">
<msg time="2026-03-17T23:30:01.848997" level="INFO">Typing text 'driver@test.com' into text field 'id=identifier'.</msg>
<arg>id=identifier</arg>
<arg>${username}</arg>
<doc>Types the given ``text`` into the text field identified by ``locator``.</doc>
<status status="PASS" start="2026-03-17T23:30:01.848669" elapsed="0.120805"/>
</kw>
<kw name="Clear Element Text" owner="SeleniumLibrary">
<arg>id=password</arg>
<doc>Clears the value of the text-input-element identified by ``locator``.</doc>
<status status="PASS" start="2026-03-17T23:30:01.969699" elapsed="0.025649"/>
</kw>
<kw name="Input Text" owner="SeleniumLibrary">
<msg time="2026-03-17T23:30:01.995768" level="INFO">Typing text 'password123' into text field 'id=password'.</msg>
<arg>id=password</arg>
<arg>${password}</arg>
<doc>Types the given ``text`` into the text field identified by ``locator``.</doc>
<status status="PASS" start="2026-03-17T23:30:01.995530" elapsed="0.066973"/>
</kw>
<kw name="Click Button" owner="SeleniumLibrary">
<msg time="2026-03-17T23:30:02.062900" level="INFO">Clicking button 'xpath=//button[@type='submit']'.</msg>
<arg>xpath=//button[@type='submit']</arg>
<doc>Clicks the button identified by ``locator``.</doc>
<status status="PASS" start="2026-03-17T23:30:02.062690" elapsed="0.139844"/>
</kw>
<kw name="Sleep" owner="BuiltIn">
<msg time="2026-03-17T23:30:04.203795" level="INFO">Slept 2 seconds.</msg>
<arg>2s</arg>
<doc>Pauses the test executed for the given time.</doc>
<status status="PASS" start="2026-03-17T23:30:02.202868" elapsed="2.001067"/>
</kw>
<arg>${DRIVER_USERNAME}</arg>
<arg>${DRIVER_PASSWORD}</arg>
<status status="PASS" start="2026-03-17T23:30:01.679709" elapsed="2.524354"/>
</kw>
<status status="PASS" start="2026-03-17T23:30:01.679269" elapsed="2.524858"/>
</kw>
<kw name="Driver Create Route">
<kw name="Go To" owner="SeleniumLibrary">
<msg time="2026-03-17T23:30:04.205364" level="INFO">Opening url 'http://localhost:3001/createTrip'</msg>
<arg>${BASE_URL}/createTrip</arg>
<doc>Navigates the current browser window to the provided ``url``.</doc>
<status status="PASS" start="2026-03-17T23:30:04.204870" elapsed="0.471118"/>
</kw>
<kw name="Sleep" owner="BuiltIn">
<msg time="2026-03-17T23:30:07.676786" level="INFO">Slept 3 seconds.</msg>
<arg>3s</arg>
<doc>Pauses the test executed for the given time.</doc>
<status status="PASS" start="2026-03-17T23:30:04.676225" elapsed="3.000692"/>
</kw>
<kw name="Wait Until Page Contains" owner="SeleniumLibrary">
<arg>สร้างการเดินทางของคุณ</arg>
<arg>${TIMEOUT}</arg>
<doc>Waits until ``text`` appears on the current page.</doc>
<status status="PASS" start="2026-03-17T23:30:07.677127" elapsed="0.015913"/>
</kw>
<kw name="Wait Until Page Contains Element" owner="SeleniumLibrary">
<arg>id=startPoint</arg>
<arg>${TIMEOUT}</arg>
<doc>Waits until the element ``locator`` appears on the current page.</doc>
<status status="PASS" start="2026-03-17T23:30:07.693260" elapsed="0.011149"/>
</kw>
<kw name="Clear Element Text" owner="SeleniumLibrary">
<arg>id=startPoint</arg>
<doc>Clears the value of the text-input-element identified by ``locator``.</doc>
<status status="PASS" start="2026-03-17T23:30:07.704624" elapsed="0.043422"/>
</kw>
<kw name="Input Text" owner="SeleniumLibrary">
<msg time="2026-03-17T23:30:07.748465" level="INFO">Typing text 'ขอนแก่น' into text field 'id=startPoint'.</msg>
<arg>id=startPoint</arg>
<arg>ขอนแก่น</arg>
<doc>Types the given ``text`` into the text field identified by ``locator``.</doc>
<status status="PASS" start="2026-03-17T23:30:07.748252" elapsed="0.112450"/>
</kw>
<kw name="Sleep" owner="BuiltIn">
<msg time="2026-03-17T23:30:09.861667" level="INFO">Slept 2 seconds.</msg>
<arg>2s</arg>
<doc>Pauses the test executed for the given time.</doc>
<status status="PASS" start="2026-03-17T23:30:07.860937" elapsed="2.000864"/>
</kw>
<kw name="Run Keyword And Return Status" owner="BuiltIn">
<kw name="Wait Until Page Contains Element" owner="SeleniumLibrary">
<arg>xpath=//div[contains(@class,'pac-container')]//div[contains(@class,'pac-item')]</arg>
<arg>5s</arg>
<doc>Waits until the element ``locator`` appears on the current page.</doc>
<status status="PASS" start="2026-03-17T23:30:09.862188" elapsed="0.011517"/>
</kw>
<msg time="2026-03-17T23:30:09.873870" level="INFO">${has_pac} = True</msg>
<var>${has_pac}</var>
<arg>Wait Until Page Contains Element</arg>
<arg>xpath=//div[contains(@class,'pac-container')]//div[contains(@class,'pac-item')]</arg>
<arg>5s</arg>
<doc>Runs the given keyword with given arguments and returns the status as a Boolean value.</doc>
<status status="PASS" start="2026-03-17T23:30:09.862005" elapsed="0.011895"/>
</kw>
<kw name="Run Keyword If" owner="BuiltIn">
<kw name="Click Element" owner="SeleniumLibrary">
<msg time="2026-03-17T23:30:09.874428" level="INFO">Clicking element 'xpath=(//div[contains(@class,'pac-container')]//div[contains(@class,'pac-item')])[1]'.</msg>
<arg>xpath=(//div[contains(@class,'pac-container')]//div[contains(@class,'pac-item')])[1]</arg>
<doc>Click the element identified by ``locator``.</doc>
<status status="PASS" start="2026-03-17T23:30:09.874275" elapsed="0.060520"/>
</kw>
<arg>${has_pac}</arg>
<arg>Click Element</arg>
<arg>xpath=(//div[contains(@class,'pac-container')]//div[contains(@class,'pac-item')])[1]</arg>
<doc>Runs the given keyword with the given arguments, if ``condition`` is true.</doc>
<status status="PASS" start="2026-03-17T23:30:09.874055" elapsed="0.060904"/>
</kw>
<kw name="Sleep" owner="BuiltIn">
<msg time="2026-03-17T23:30:10.935942" level="INFO">Slept 1 second.</msg>
<arg>1s</arg>
<doc>Pauses the test executed for the given time.</doc>
<status status="PASS" start="2026-03-17T23:30:09.935159" elapsed="1.000918"/>
</kw>
<kw name="Wait Until Page Contains Element" owner="SeleniumLibrary">
<arg>id=endPoint</arg>
<arg>${TIMEOUT}</arg>
<doc>Waits until the element ``locator`` appears on the current page.</doc>
<status status="PASS" start="2026-03-17T23:30:10.936513" elapsed="0.008891"/>
</kw>
<kw name="Clear Element Text" owner="SeleniumLibrary">
<arg>id=endPoint</arg>
<doc>Clears the value of the text-input-element identified by ``locator``.</doc>
<status status="PASS" start="2026-03-17T23:30:10.945579" elapsed="0.022754"/>
</kw>
<kw name="Input Text" owner="SeleniumLibrary">
<msg time="2026-03-17T23:30:10.968805" level="INFO">Typing text 'สุรินทร์' into text field 'id=endPoint'.</msg>
<arg>id=endPoint</arg>
<arg>สุรินทร์</arg>
<doc>Types the given ``text`` into the text field identified by ``locator``.</doc>
<status status="PASS" start="2026-03-17T23:30:10.968551" elapsed="0.062681"/>
</kw>
<kw name="Sleep" owner="BuiltIn">
<msg time="2026-03-17T23:30:13.032299" level="INFO">Slept 2 seconds.</msg>
<arg>2s</arg>
<doc>Pauses the test executed for the given time.</doc>
<status status="PASS" start="2026-03-17T23:30:11.031488" elapsed="2.000947"/>
</kw>
<kw name="Run Keyword And Return Status" owner="BuiltIn">
<kw name="Wait Until Page Contains Element" owner="SeleniumLibrary">
<arg>xpath=//div[contains(@class,'pac-container')]//div[contains(@class,'pac-item')]</arg>
<arg>5s</arg>
<doc>Waits until the element ``locator`` appears on the current page.</doc>
<status status="PASS" start="2026-03-17T23:30:13.032788" elapsed="0.006658"/>
</kw>
<msg time="2026-03-17T23:30:13.039614" level="INFO">${has_pac2} = True</msg>
<var>${has_pac2}</var>
<arg>Wait Until Page Contains Element</arg>
<arg>xpath=//div[contains(@class,'pac-container')]//div[contains(@class,'pac-item')]</arg>
<arg>5s</arg>
<doc>Runs the given keyword with given arguments and returns the status as a Boolean value.</doc>
<status status="PASS" start="2026-03-17T23:30:13.032634" elapsed="0.007010"/>
</kw>
<kw name="Run Keyword If" owner="BuiltIn">
<kw name="Click Element" owner="SeleniumLibrary">
<msg time="2026-03-17T23:30:13.040185" level="INFO">Clicking element 'xpath=(//div[contains(@class,'pac-container')]//div[contains(@class,'pac-item')])[1]'.</msg>
<arg>xpath=(//div[contains(@class,'pac-container')]//div[contains(@class,'pac-item')])[1]</arg>
<doc>Click the element identified by ``locator``.</doc>
<status status="PASS" start="2026-03-17T23:30:13.040018" elapsed="0.046528"/>
</kw>
<arg>${has_pac2}</arg>
<arg>Click Element</arg>
<arg>xpath=(//div[contains(@class,'pac-container')]//div[contains(@class,'pac-item')])[1]</arg>
<doc>Runs the given keyword with the given arguments, if ``condition`` is true.</doc>
<status status="PASS" start="2026-03-17T23:30:13.039792" elapsed="0.046916"/>
</kw>
<kw name="Sleep" owner="BuiltIn">
<msg time="2026-03-17T23:30:14.087742" level="INFO">Slept 1 second.</msg>
<arg>1s</arg>
<doc>Pauses the test executed for the given time.</doc>
<status status="PASS" start="2026-03-17T23:30:13.087092" elapsed="1.000801"/>
</kw>
<kw name="Evaluate" owner="BuiltIn">
<msg time="2026-03-17T23:30:14.088547" level="INFO">${tomorrow} = 2026-03-18</msg>
<var>${tomorrow}</var>
<arg>(datetime.date.today() + datetime.timedelta(days=1)).strftime('%Y-%m-%d')</arg>
<arg>modules=datetime</arg>
<doc>Evaluates the given expression in Python and returns the result.</doc>
<status status="PASS" start="2026-03-17T23:30:14.088120" elapsed="0.000471"/>
</kw>
<kw name="Execute Javascript" owner="SeleniumLibrary">
<msg time="2026-03-17T23:30:14.089169" level="INFO">Executing JavaScript:
var input = document.getElementById('travelDate');var nativeSetter = Object.getOwnPropertyDescriptor(HTMLInputElement.prototype, 'value').set;nativeSetter.call(input, '2026-03-18');input.dispatchEvent(new Event('input', { bubbles: true }));input.dispatchEvent(new Event('change', { bubbles: true }));
Without any arguments.</msg>
<arg>var input = document.getElementById('travelDate');</arg>
<arg>var nativeSetter = Object.getOwnPropertyDescriptor(HTMLInputElement.prototype, 'value').set;</arg>
<arg>nativeSetter.call(input, '${tomorrow}');</arg>
<arg>input.dispatchEvent(new Event('input', { bubbles: true }));</arg>
<arg>input.dispatchEvent(new Event('change', { bubbles: true }));</arg>
<doc>Executes the given JavaScript code with possible arguments.</doc>
<status status="PASS" start="2026-03-17T23:30:14.088730" elapsed="0.007852"/>
</kw>
<kw name="Sleep" owner="BuiltIn">
<msg time="2026-03-17T23:30:15.097172" level="INFO">Slept 1 second.</msg>
<arg>1s</arg>
<doc>Pauses the test executed for the given time.</doc>
<status status="PASS" start="2026-03-17T23:30:14.096811" elapsed="1.000502"/>
</kw>
<kw name="Execute Javascript" owner="SeleniumLibrary">
<msg time="2026-03-17T23:30:15.097960" level="INFO">Executing JavaScript:
var input = document.getElementById('travelTime');var nativeSetter = Object.getOwnPropertyDescriptor(HTMLInputElement.prototype, 'value').set;nativeSetter.call(input, '09:00');input.dispatchEvent(new Event('input', { bubbles: true }));input.dispatchEvent(new Event('change', { bubbles: true }));
Without any arguments.</msg>
<arg>var input = document.getElementById('travelTime');</arg>
<arg>var nativeSetter = Object.getOwnPropertyDescriptor(HTMLInputElement.prototype, 'value').set;</arg>
<arg>nativeSetter.call(input, '09:00');</arg>
<arg>input.dispatchEvent(new Event('input', { bubbles: true }));</arg>
<arg>input.dispatchEvent(new Event('change', { bubbles: true }));</arg>
<doc>Executes the given JavaScript code with possible arguments.</doc>
<status status="PASS" start="2026-03-17T23:30:15.097510" elapsed="0.006811"/>
</kw>
<kw name="Sleep" owner="BuiltIn">
<msg time="2026-03-17T23:30:16.105327" level="INFO">Slept 1 second.</msg>
<arg>1s</arg>
<doc>Pauses the test executed for the given time.</doc>
<status status="PASS" start="2026-03-17T23:30:15.104558" elapsed="1.000933"/>
</kw>
<kw name="Wait Until Page Contains Element" owner="SeleniumLibrary">
<arg>id=seatCount</arg>
<arg>${TIMEOUT}</arg>
<doc>Waits until the element ``locator`` appears on the current page.</doc>
<status status="PASS" start="2026-03-17T23:30:16.105726" elapsed="0.008819"/>
</kw>
<kw name="Clear Element Text" owner="SeleniumLibrary">
<arg>id=seatCount</arg>
<doc>Clears the value of the text-input-element identified by ``locator``.</doc>
<status status="PASS" start="2026-03-17T23:30:16.114764" elapsed="0.027208"/>
</kw>
<kw name="Input Text" owner="SeleniumLibrary">
<msg time="2026-03-17T23:30:16.142730" level="INFO">Typing text '3' into text field 'id=seatCount'.</msg>
<arg>id=seatCount</arg>
<arg>3</arg>
<doc>Types the given ``text`` into the text field identified by ``locator``.</doc>
<status status="PASS" start="2026-03-17T23:30:16.142281" elapsed="0.060014"/>
</kw>
<kw name="Sleep" owner="BuiltIn">
<msg time="2026-03-17T23:30:17.203278" level="INFO">Slept 1 second.</msg>
<arg>1s</arg>
<doc>Pauses the test executed for the given time.</doc>
<status status="PASS" start="2026-03-17T23:30:16.202564" elapsed="1.000893"/>
</kw>
<kw name="Wait Until Page Contains Element" owner="SeleniumLibrary">
<arg>id=pricePerSeat</arg>
<arg>${TIMEOUT}</arg>
<doc>Waits until the element ``locator`` appears on the current page.</doc>
<status status="PASS" start="2026-03-17T23:30:17.203732" elapsed="0.012833"/>
</kw>
<kw name="Clear Element Text" owner="SeleniumLibrary">
<arg>id=pricePerSeat</arg>
<doc>Clears the value of the text-input-element identified by ``locator``.</doc>
<status status="PASS" start="2026-03-17T23:30:17.216989" elapsed="0.042272"/>
</kw>
<kw name="Input Text" owner="SeleniumLibrary">
<msg time="2026-03-17T23:30:17.259878" level="INFO">Typing text '100' into text field 'id=pricePerSeat'.</msg>
<arg>id=pricePerSeat</arg>
<arg>100</arg>
<doc>Types the given ``text`` into the text field identified by ``locator``.</doc>
<status status="PASS" start="2026-03-17T23:30:17.259498" elapsed="0.073151"/>
</kw>
<kw name="Sleep" owner="BuiltIn">
<msg time="2026-03-17T23:30:18.333710" level="INFO">Slept 1 second.</msg>
<arg>1s</arg>
<doc>Pauses the test executed for the given time.</doc>
<status status="PASS" start="2026-03-17T23:30:17.333053" elapsed="1.000787"/>
</kw>
<kw name="Run Keyword And Return Status" owner="BuiltIn">
<kw name="Page Should Contain Element" owner="SeleniumLibrary">
<msg time="2026-03-17T23:30:18.343594" level="INFO">Current page contains element 'id=vehicle'.</msg>
<arg>id=vehicle</arg>
<doc>Verifies that element ``locator`` is found on the current page.</doc>
<status status="PASS" start="2026-03-17T23:30:18.334188" elapsed="0.009526"/>
</kw>
<msg time="2026-03-17T23:30:18.343876" level="INFO">${has_vehicle} = True</msg>
<var>${has_vehicle}</var>
<arg>Page Should Contain Element</arg>
<arg>id=vehicle</arg>
<doc>Runs the given keyword with given arguments and returns the status as a Boolean value.</doc>
<status status="PASS" start="2026-03-17T23:30:18.334026" elapsed="0.009879"/>
</kw>
<kw name="Run Keyword If" owner="BuiltIn">
<kw name="Select From List By Index" owner="SeleniumLibrary">
<msg time="2026-03-17T23:30:18.344497" level="INFO">Selecting options from selection list 'id=vehicle' by index 1.</msg>
<arg>id=vehicle</arg>
<arg>1</arg>
<doc>Selects options from selection list ``locator`` by ``indexes``.</doc>
<status status="PASS" start="2026-03-17T23:30:18.344298" elapsed="0.056441"/>
</kw>
<arg>${has_vehicle}</arg>
<arg>Select From List By Index</arg>
<arg>id=vehicle</arg>
<arg>1</arg>
<doc>Runs the given keyword with the given arguments, if ``condition`` is true.</doc>
<status status="PASS" start="2026-03-17T23:30:18.344072" elapsed="0.056782"/>
</kw>
<kw name="Execute Javascript" owner="SeleniumLibrary">
<msg time="2026-03-17T23:30:18.401401" level="INFO">Executing JavaScript:
window.scrollTo(0, document.body.scrollHeight);
Without any arguments.</msg>
<arg>window.scrollTo(0, document.body.scrollHeight);</arg>
<doc>Executes the given JavaScript code with possible arguments.</doc>
<status status="PASS" start="2026-03-17T23:30:18.401008" elapsed="0.005041"/>
</kw>
<kw name="Sleep" owner="BuiltIn">
<msg time="2026-03-17T23:30:19.406684" level="INFO">Slept 1 second.</msg>
<arg>1s</arg>
<doc>Pauses the test executed for the given time.</doc>
<status status="PASS" start="2026-03-17T23:30:18.406262" elapsed="1.000589"/>
</kw>
<kw name="Wait Until Page Contains Element" owner="SeleniumLibrary">
<arg>xpath=//button[@type='submit' and contains(text(),'สร้างการเดินทาง')]</arg>
<arg>${TIMEOUT}</arg>
<doc>Waits until the element ``locator`` appears on the current page.</doc>
<status status="PASS" start="2026-03-17T23:30:19.407063" elapsed="0.009988"/>
</kw>
<kw name="Click Element" owner="SeleniumLibrary">
<msg time="2026-03-17T23:30:19.417422" level="INFO">Clicking element 'xpath=//button[@type='submit' and contains(text(),'สร้างการเดินทาง')]'.</msg>
<arg>xpath=//button[@type='submit' and contains(text(),'สร้างการเดินทาง')]</arg>
<doc>Click the element identified by ``locator``.</doc>
<status status="PASS" start="2026-03-17T23:30:19.417232" elapsed="0.050631"/>
</kw>
<kw name="Sleep" owner="BuiltIn">
<msg time="2026-03-17T23:30:22.468637" level="INFO">Slept 3 seconds.</msg>
<arg>3s</arg>
<doc>Pauses the test executed for the given time.</doc>
<status status="PASS" start="2026-03-17T23:30:19.468114" elapsed="3.000684"/>
</kw>
<doc>Driver navigates to /createTrip and creates a new route</doc>
<status status="PASS" start="2026-03-17T23:30:04.204604" elapsed="18.264327"/>
</kw>
<kw name="Sleep" owner="BuiltIn">
<msg time="2026-03-17T23:30:24.470270" level="INFO">Slept 2 seconds.</msg>
<arg>2s</arg>
<doc>Pauses the test executed for the given time.</doc>
<status status="PASS" start="2026-03-17T23:30:22.469408" elapsed="2.001005"/>
</kw>
<kw name="Logout" type="TEARDOWN">
<kw name="Delete All Cookies" owner="SeleniumLibrary">
<doc>Deletes all cookies.</doc>
<status status="PASS" start="2026-03-17T23:30:24.471450" elapsed="0.035883"/>
</kw>
<kw name="Go To" owner="SeleniumLibrary">
<msg time="2026-03-17T23:30:24.507722" level="INFO">Opening url 'http://localhost:3001/login'</msg>
<arg>${BASE_URL}/login</arg>
<doc>Navigates the current browser window to the provided ``url``.</doc>
<status status="PASS" start="2026-03-17T23:30:24.507522" elapsed="0.087384"/>
</kw>
<kw name="Wait Until Page Contains Element" owner="SeleniumLibrary">
<arg>id=identifier</arg>
<arg>${TIMEOUT}</arg>
<doc>Waits until the element ``locator`` appears on the current page.</doc>
<status status="PASS" start="2026-03-17T23:30:24.595079" elapsed="0.016225"/>
</kw>
<status status="PASS" start="2026-03-17T23:30:24.471092" elapsed="0.140331"/>
</kw>
<doc>Given a verified driver who is logged in,
When they navigate to the create trip page
and fill in the route details,
Then a new route should be created successfully.</doc>
<tag>create</tag>
<tag>driver</tag>
<tag>route</tag>
<status status="PASS" start="2026-03-17T23:30:01.678200" elapsed="22.933401"/>
</test>
<test id="s1-t2" name="Passenger Books The Route" line="469">
<kw name="Passenger Login">
<kw name="Login As">
<kw name="Go To" owner="SeleniumLibrary">
<msg time="2026-03-17T23:30:24.613353" level="INFO">Opening url 'http://localhost:3001/login'</msg>
<arg>${BASE_URL}/login</arg>
<doc>Navigates the current browser window to the provided ``url``.</doc>
<status status="PASS" start="2026-03-17T23:30:24.613232" elapsed="0.045174"/>
</kw>
<kw name="Wait Until Page Contains Element" owner="SeleniumLibrary">
<arg>id=identifier</arg>
<arg>${TIMEOUT}</arg>
<doc>Waits until the element ``locator`` appears on the current page.</doc>
<status status="PASS" start="2026-03-17T23:30:24.658746" elapsed="0.010982"/>
</kw>
<kw name="Clear Element Text" owner="SeleniumLibrary">
<arg>id=identifier</arg>
<doc>Clears the value of the text-input-element identified by ``locator``.</doc>
<status status="PASS" start="2026-03-17T23:30:24.670083" elapsed="0.026366"/>
</kw>
<kw name="Input Text" owner="SeleniumLibrary">
<msg time="2026-03-17T23:30:24.696840" level="INFO">Typing text 'passenger1@test.com' into text field 'id=identifier'.</msg>
<arg>id=identifier</arg>
<arg>${username}</arg>
<doc>Types the given ``text`` into the text field identified by ``locator``.</doc>
<status status="PASS" start="2026-03-17T23:30:24.696618" elapsed="0.058451"/>
</kw>
<kw name="Clear Element Text" owner="SeleniumLibrary">
<arg>id=password</arg>
<doc>Clears the value of the text-input-element identified by ``locator``.</doc>
<status status="PASS" start="2026-03-17T23:30:24.755334" elapsed="0.023818"/>
</kw>
<kw name="Input Text" owner="SeleniumLibrary">
<msg time="2026-03-17T23:30:24.779546" level="INFO">Typing text 'password123' into text field 'id=password'.</msg>
<arg>id=password</arg>
<arg>${password}</arg>
<doc>Types the given ``text`` into the text field identified by ``locator``.</doc>
<status status="PASS" start="2026-03-17T23:30:24.779325" elapsed="0.066412"/>
</kw>
<kw name="Click Button" owner="SeleniumLibrary">
<msg time="2026-03-17T23:30:24.846106" level="INFO">Clicking button 'xpath=//button[@type='submit']'.</msg>
<arg>xpath=//button[@type='submit']</arg>
<doc>Clicks the button identified by ``locator``.</doc>
<status status="PASS" start="2026-03-17T23:30:24.845919" elapsed="0.055300"/>
</kw>
<kw name="Sleep" owner="BuiltIn">
<msg time="2026-03-17T23:30:26.901772" level="INFO">Slept 2 seconds.</msg>
<arg>2s</arg>
<doc>Pauses the test executed for the given time.</doc>
<status status="PASS" start="2026-03-17T23:30:24.901409" elapsed="2.000505"/>
</kw>
<arg>${PASSENGER_USERNAME}</arg>
<arg>${PASSENGER_PASSWORD}</arg>
<status status="PASS" start="2026-03-17T23:30:24.612981" elapsed="2.289043"/>
</kw>
<status status="PASS" start="2026-03-17T23:30:24.612736" elapsed="2.289357"/>
</kw>
<kw name="Passenger Book The Route">
<kw name="Go To" owner="SeleniumLibrary">
<msg time="2026-03-17T23:30:26.903213" level="INFO">Opening url 'http://localhost:3001/findTrip'</msg>
<arg>${BASE_URL}/findTrip</arg>
<doc>Navigates the current browser window to the provided ``url``.</doc>
<status status="PASS" start="2026-03-17T23:30:26.903030" elapsed="0.063466"/>
</kw>
<kw name="Sleep" owner="BuiltIn">
<msg time="2026-03-17T23:30:29.967073" level="INFO">Slept 3 seconds.</msg>
<arg>3s</arg>
<doc>Pauses the test executed for the given time.</doc>
<status status="PASS" start="2026-03-17T23:30:26.966769" elapsed="3.000436"/>
</kw>
<kw name="Wait Until Page Contains" owner="SeleniumLibrary">
<arg>ค้นหาการเดินทาง</arg>
<arg>${TIMEOUT}</arg>
<doc>Waits until ``text`` appears on the current page.</doc>
<status status="PASS" start="2026-03-17T23:30:29.967370" elapsed="0.012735"/>
</kw>
<kw name="Wait Until Page Contains Element" owner="SeleniumLibrary">
<arg>xpath=(//div[contains(@class,'route-card')])[1]</arg>
<arg>${TIMEOUT}</arg>
<doc>Waits until the element ``locator`` appears on the current page.</doc>
<status status="PASS" start="2026-03-17T23:30:29.980287" elapsed="0.009859"/>
</kw>
<kw name="Click Element" owner="SeleniumLibrary">
<msg time="2026-03-17T23:30:29.990530" level="INFO">Clicking element 'xpath=(//div[contains(@class,'route-card')])[1]'.</msg>
<arg>xpath=(//div[contains(@class,'route-card')])[1]</arg>
<doc>Click the element identified by ``locator``.</doc>
<status status="PASS" start="2026-03-17T23:30:29.990333" elapsed="0.080019"/>
</kw>
<kw name="Sleep" owner="BuiltIn">
<msg time="2026-03-17T23:30:32.071131" level="INFO">Slept 2 seconds.</msg>
<arg>2s</arg>
<doc>Pauses the test executed for the given time.</doc>
<status status="PASS" start="2026-03-17T23:30:30.070585" elapsed="2.000718"/>
</kw>
<kw name="Wait Until Page Contains Element" owner="SeleniumLibrary">
<arg>xpath=//button[contains(text(),'จองที่นั่ง')]</arg>
<arg>${TIMEOUT}</arg>
<doc>Waits until the element ``locator`` appears on the current page.</doc>
<status status="PASS" start="2026-03-17T23:30:32.071514" elapsed="0.012938"/>
</kw>
<kw name="Click Element" owner="SeleniumLibrary">
<msg time="2026-03-17T23:30:32.084955" level="INFO">Clicking element 'xpath=//button[contains(text(),'จองที่นั่ง')]'.</msg>
<arg>xpath=//button[contains(text(),'จองที่นั่ง')]</arg>
<doc>Click the element identified by ``locator``.</doc>
<status status="PASS" start="2026-03-17T23:30:32.084671" elapsed="0.114412"/>
</kw>
<kw name="Sleep" owner="BuiltIn">
<msg time="2026-03-17T23:30:34.200446" level="INFO">Slept 2 seconds.</msg>
<arg>2s</arg>
<doc>Pauses the test executed for the given time.</doc>
<status status="PASS" start="2026-03-17T23:30:32.199665" elapsed="2.000906"/>
</kw>
<kw name="Wait Until Page Contains" owner="SeleniumLibrary">
<arg>ยืนยันการจอง</arg>
<arg>${TIMEOUT}</arg>
<doc>Waits until ``text`` appears on the current page.</doc>
<status status="PASS" start="2026-03-17T23:30:34.200741" elapsed="0.013373"/>
</kw>
<kw name="Sleep" owner="BuiltIn">
<msg time="2026-03-17T23:30:35.214905" level="INFO">Slept 1 second.</msg>
<arg>1s</arg>
<doc>Pauses the test executed for the given time.</doc>
<status status="PASS" start="2026-03-17T23:30:34.214365" elapsed="1.000666"/>
</kw>
<kw name="Run Keyword And Return Status" owner="BuiltIn">
<kw name="Wait Until Page Contains Element" owner="SeleniumLibrary">
<arg>xpath=//input[@placeholder='พิมพ์ชื่อสถานที่...']</arg>
<arg>5s</arg>
<doc>Waits until the element ``locator`` appears on the current page.</doc>
<status status="PASS" start="2026-03-17T23:30:35.215362" elapsed="0.010301"/>
</kw>
<msg time="2026-03-17T23:30:35.225848" level="INFO">${pickup_visible} = True</msg>
<var>${pickup_visible}</var>
<arg>Wait Until Page Contains Element</arg>
<arg>xpath=//input[@placeholder='พิมพ์ชื่อสถานที่...']</arg>
<arg>5s</arg>
<doc>Runs the given keyword with given arguments and returns the status as a Boolean value.</doc>
<status status="PASS" start="2026-03-17T23:30:35.215210" elapsed="0.010669"/>
</kw>
<kw name="Run Keyword If" owner="BuiltIn">
<kw name="Input Text" owner="SeleniumLibrary">
<msg time="2026-03-17T23:30:35.226385" level="INFO">Typing text 'หอแปดหลัง' into text field 'xpath=(//input[@placeholder='พิมพ์ชื่อสถานที่...'])[1]'.</msg>
<arg>xpath=(//input[@placeholder='พิมพ์ชื่อสถานที่...'])[1]</arg>
<arg>หอแปดหลัง</arg>
<doc>Types the given ``text`` into the text field identified by ``locator``.</doc>
<status status="PASS" start="2026-03-17T23:30:35.226223" elapsed="0.077901"/>
</kw>
<arg>${pickup_visible}</arg>
<arg>Input Text</arg>
<arg>xpath=(//input[@placeholder='พิมพ์ชื่อสถานที่...'])[1]</arg>
<arg>หอแปดหลัง</arg>
<doc>Runs the given keyword with the given arguments, if ``condition`` is true.</doc>
<status status="PASS" start="2026-03-17T23:30:35.226038" elapsed="0.078226"/>
</kw>
<kw name="Sleep" owner="BuiltIn">
<msg time="2026-03-17T23:30:37.305011" level="INFO">Slept 2 seconds.</msg>
<arg>2s</arg>
<doc>Pauses the test executed for the given time.</doc>
<status status="PASS" start="2026-03-17T23:30:35.304425" elapsed="2.000722"/>
</kw>
<kw name="Run Keyword And Return Status" owner="BuiltIn">
<kw name="Wait Until Page Contains Element" owner="SeleniumLibrary">
<arg>xpath=//div[contains(@class,'pac-container')]//div[contains(@class,'pac-item')]</arg>
<arg>3s</arg>
<doc>Waits until the element ``locator`` appears on the current page.</doc>
<status status="PASS" start="2026-03-17T23:30:37.305499" elapsed="0.007837"/>
</kw>
<msg time="2026-03-17T23:30:37.313515" level="INFO">${pickup_pac} = True</msg>
<var>${pickup_pac}</var>
<arg>Wait Until Page Contains Element</arg>
<arg>xpath=//div[contains(@class,'pac-container')]//div[contains(@class,'pac-item')]</arg>
<arg>3s</arg>
<doc>Runs the given keyword with given arguments and returns the status as a Boolean value.</doc>
<status status="PASS" start="2026-03-17T23:30:37.305330" elapsed="0.008214"/>
</kw>
<kw name="Run Keyword If" owner="BuiltIn">
<kw name="Click Element" owner="SeleniumLibrary">
<msg time="2026-03-17T23:30:37.314026" level="INFO">Clicking element 'xpath=(//div[contains(@class,'pac-container')]//div[contains(@class,'pac-item')])[1]'.</msg>
<arg>xpath=(//div[contains(@class,'pac-container')]//div[contains(@class,'pac-item')])[1]</arg>
<doc>Click the element identified by ``locator``.</doc>
<status status="PASS" start="2026-03-17T23:30:37.313864" elapsed="0.049480"/>
</kw>
<arg>${pickup_pac}</arg>
<arg>Click Element</arg>
<arg>xpath=(//div[contains(@class,'pac-container')]//div[contains(@class,'pac-item')])[1]</arg>
<doc>Runs the given keyword with the given arguments, if ``condition`` is true.</doc>
<status status="PASS" start="2026-03-17T23:30:37.313689" elapsed="0.049754"/>
</kw>
<kw name="Sleep" owner="BuiltIn">
<msg time="2026-03-17T23:30:38.364063" level="INFO">Slept 1 second.</msg>
<arg>1s</arg>
<doc>Pauses the test executed for the given time.</doc>
<status status="PASS" start="2026-03-17T23:30:37.363591" elapsed="1.000639"/>
</kw>
<kw name="Run Keyword If" owner="BuiltIn">
<kw name="Input Text" owner="SeleniumLibrary">
<msg time="2026-03-17T23:30:38.365118" level="INFO">Typing text 'สุรินทร์' into text field 'xpath=(//input[@placeholder='พิมพ์ชื่อสถานที่...'])[2]'.</msg>
<arg>xpath=(//input[@placeholder='พิมพ์ชื่อสถานที่...'])[2]</arg>
<arg>สุรินทร์</arg>
<doc>Types the given ``text`` into the text field identified by ``locator``.</doc>
<status status="PASS" start="2026-03-17T23:30:38.364739" elapsed="0.085298"/>
</kw>
<arg>${pickup_visible}</arg>
<arg>Input Text</arg>
<arg>xpath=(//input[@placeholder='พิมพ์ชื่อสถานที่...'])[2]</arg>
<arg>สุรินทร์</arg>
<doc>Runs the given keyword with the given arguments, if ``condition`` is true.</doc>
<status status="PASS" start="2026-03-17T23:30:38.364463" elapsed="0.085786"/>
</kw>
<kw name="Sleep" owner="BuiltIn">
<msg time="2026-03-17T23:30:40.451289" level="INFO">Slept 2 seconds.</msg>
<arg>2s</arg>
<doc>Pauses the test executed for the given time.</doc>
<status status="PASS" start="2026-03-17T23:30:38.450630" elapsed="2.000785"/>
</kw>
<kw name="Run Keyword And Return Status" owner="BuiltIn">
<kw name="Wait Until Page Contains Element" owner="SeleniumLibrary">
<arg>xpath=//div[contains(@class,'pac-container')]//div[contains(@class,'pac-item')]</arg>
<arg>3s</arg>
<doc>Waits until the element ``locator`` appears on the current page.</doc>
<status status="PASS" start="2026-03-17T23:30:40.451753" elapsed="0.007684"/>
</kw>
<msg time="2026-03-17T23:30:40.459594" level="INFO">${dropoff_pac} = True</msg>
<var>${dropoff_pac}</var>
<arg>Wait Until Page Contains Element</arg>
<arg>xpath=//div[contains(@class,'pac-container')]//div[contains(@class,'pac-item')]</arg>
<arg>3s</arg>
<doc>Runs the given keyword with given arguments and returns the status as a Boolean value.</doc>
<status status="PASS" start="2026-03-17T23:30:40.451596" elapsed="0.008030"/>
</kw>
<kw name="Run Keyword If" owner="BuiltIn">
<kw name="Click Element" owner="SeleniumLibrary">
<msg time="2026-03-17T23:30:40.460098" level="INFO">Clicking element 'xpath=(//div[contains(@class,'pac-container')]//div[contains(@class,'pac-item')])[1]'.</msg>
<arg>xpath=(//div[contains(@class,'pac-container')]//div[contains(@class,'pac-item')])[1]</arg>
<doc>Click the element identified by ``locator``.</doc>
<status status="PASS" start="2026-03-17T23:30:40.459949" elapsed="0.056314"/>
</kw>
<arg>${dropoff_pac}</arg>
<arg>Click Element</arg>
<arg>xpath=(//div[contains(@class,'pac-container')]//div[contains(@class,'pac-item')])[1]</arg>
<doc>Runs the given keyword with the given arguments, if ``condition`` is true.</doc>
<status status="PASS" start="2026-03-17T23:30:40.459776" elapsed="0.056605"/>
</kw>
<kw name="Sleep" owner="BuiltIn">
<msg time="2026-03-17T23:30:41.517330" level="INFO">Slept 1 second.</msg>
<arg>1s</arg>
<doc>Pauses the test executed for the given time.</doc>
<status status="PASS" start="2026-03-17T23:30:40.516537" elapsed="1.000964"/>
</kw>
<kw name="Wait Until Page Contains Element" owner="SeleniumLibrary">
<arg>xpath=//button[contains(text(),'ยืนยันการจอง')]</arg>
<arg>${TIMEOUT}</arg>
<doc>Waits until the element ``locator`` appears on the current page.</doc>
<status status="PASS" start="2026-03-17T23:30:41.517707" elapsed="0.011825"/>
</kw>
<kw name="Click Element" owner="SeleniumLibrary">
<msg time="2026-03-17T23:30:41.529991" level="INFO">Clicking element 'xpath=//button[contains(text(),'ยืนยันการจอง')]'.</msg>
<arg>xpath=//button[contains(text(),'ยืนยันการจอง')]</arg>
<doc>Click the element identified by ``locator``.</doc>
<status status="PASS" start="2026-03-17T23:30:41.529768" elapsed="0.056657"/>
</kw>
<kw name="Sleep" owner="BuiltIn">
<msg time="2026-03-17T23:30:44.586984" level="INFO">Slept 3 seconds.</msg>
<arg>3s</arg>
<doc>Pauses the test executed for the given time.</doc>
<status status="PASS" start="2026-03-17T23:30:41.586679" elapsed="3.000453"/>
</kw>
<doc>Passenger navigates to /findTrip and books the driver's route</doc>
<status status="PASS" start="2026-03-17T23:30:26.902646" elapsed="17.684608"/>
</kw>
<kw name="Sleep" owner="BuiltIn">
<msg time="2026-03-17T23:30:46.588098" level="INFO">Slept 2 seconds.</msg>
<arg>2s</arg>
<doc>Pauses the test executed for the given time.</doc>
<status status="PASS" start="2026-03-17T23:30:44.587710" elapsed="2.000533"/>
</kw>
<kw name="Logout" type="TEARDOWN">
<kw name="Delete All Cookies" owner="SeleniumLibrary">
<doc>Deletes all cookies.</doc>
<status status="PASS" start="2026-03-17T23:30:46.589099" elapsed="0.031380"/>
</kw>
<kw name="Go To" owner="SeleniumLibrary">
<msg time="2026-03-17T23:30:46.620883" level="INFO">Opening url 'http://localhost:3001/login'</msg>
<arg>${BASE_URL}/login</arg>
<doc>Navigates the current browser window to the provided ``url``.</doc>
<status status="PASS" start="2026-03-17T23:30:46.620662" elapsed="0.064661"/>
</kw>
<kw name="Wait Until Page Contains Element" owner="SeleniumLibrary">
<arg>id=identifier</arg>
<arg>${TIMEOUT}</arg>
<doc>Waits until the element ``locator`` appears on the current page.</doc>
<status status="PASS" start="2026-03-17T23:30:46.685641" elapsed="0.018046"/>
</kw>
<status status="PASS" start="2026-03-17T23:30:46.588815" elapsed="0.114990"/>
</kw>
<doc>Given a passenger who is logged in,
When they navigate to find trip and book the route
created by the driver,
Then the booking should be successful.</doc>
<tag>booking</tag>
<tag>create</tag>
<tag>passenger</tag>
<status status="PASS" start="2026-03-17T23:30:24.612184" elapsed="22.091825"/>
</test>
<test id="s1-t3" name="Driver Confirms Booking And Starts Trip" line="494">
<kw name="Driver Login">
<kw name="Login As">
<kw name="Go To" owner="SeleniumLibrary">
<msg time="2026-03-17T23:30:46.706240" level="INFO">Opening url 'http://localhost:3001/login'</msg>
<arg>${BASE_URL}/login</arg>
<doc>Navigates the current browser window to the provided ``url``.</doc>
<status status="PASS" start="2026-03-17T23:30:46.706084" elapsed="0.046283"/>
</kw>
<kw name="Wait Until Page Contains Element" owner="SeleniumLibrary">
<arg>id=identifier</arg>
<arg>${TIMEOUT}</arg>
<doc>Waits until the element ``locator`` appears on the current page.</doc>
<status status="PASS" start="2026-03-17T23:30:46.752579" elapsed="0.013218"/>
</kw>
<kw name="Clear Element Text" owner="SeleniumLibrary">
<arg>id=identifier</arg>
<doc>Clears the value of the text-input-element identified by ``locator``.</doc>
<status status="PASS" start="2026-03-17T23:30:46.765976" elapsed="0.030899"/>
</kw>
<kw name="Input Text" owner="SeleniumLibrary">
<msg time="2026-03-17T23:30:46.797302" level="INFO">Typing text 'driver@test.com' into text field 'id=identifier'.</msg>
<arg>id=identifier</arg>
<arg>${username}</arg>
<doc>Types the given ``text`` into the text field identified by ``locator``.</doc>
<status status="PASS" start="2026-03-17T23:30:46.797064" elapsed="0.064605"/>
</kw>
<kw name="Clear Element Text" owner="SeleniumLibrary">
<arg>id=password</arg>
<doc>Clears the value of the text-input-element identified by ``locator``.</doc>
<status status="PASS" start="2026-03-17T23:30:46.861846" elapsed="0.025933"/>
</kw>
<kw name="Input Text" owner="SeleniumLibrary">
<msg time="2026-03-17T23:30:46.888276" level="INFO">Typing text 'password123' into text field 'id=password'.</msg>
<arg>id=password</arg>
<arg>${password}</arg>
<doc>Types the given ``text`` into the text field identified by ``locator``.</doc>
<status status="PASS" start="2026-03-17T23:30:46.888000" elapsed="0.060729"/>
</kw>
<kw name="Click Button" owner="SeleniumLibrary">
<msg time="2026-03-17T23:30:46.949098" level="INFO">Clicking button 'xpath=//button[@type='submit']'.</msg>
<arg>xpath=//button[@type='submit']</arg>
<doc>Clicks the button identified by ``locator``.</doc>
<status status="PASS" start="2026-03-17T23:30:46.948909" elapsed="0.063706"/>
</kw>
<kw name="Sleep" owner="BuiltIn">
<msg time="2026-03-17T23:30:49.013519" level="INFO">Slept 2 seconds.</msg>
<arg>2s</arg>
<doc>Pauses the test executed for the given time.</doc>
<status status="PASS" start="2026-03-17T23:30:47.012803" elapsed="2.000856"/>
</kw>
<arg>${DRIVER_USERNAME}</arg>
<arg>${DRIVER_PASSWORD}</arg>
<status status="PASS" start="2026-03-17T23:30:46.705815" elapsed="2.307955"/>
</kw>
<status status="PASS" start="2026-03-17T23:30:46.705517" elapsed="2.308319"/>
</kw>
<kw name="Driver Confirm Passenger Booking">
<kw name="Go To" owner="SeleniumLibrary">
<msg time="2026-03-17T23:30:49.014572" level="INFO">Opening url 'http://localhost:3001/current-trip'</msg>
<arg>${BASE_URL}/current-trip</arg>
<doc>Navigates the current browser window to the provided ``url``.</doc>
<status status="PASS" start="2026-03-17T23:30:49.014436" elapsed="0.065090"/>
</kw>
<kw name="Sleep" owner="BuiltIn">
<msg time="2026-03-17T23:30:52.080525" level="INFO">Slept 3 seconds.</msg>
<arg>3s</arg>
<doc>Pauses the test executed for the given time.</doc>
<status status="PASS" start="2026-03-17T23:30:49.079895" elapsed="3.000773"/>
</kw>
<kw name="Wait Until Page Contains" owner="SeleniumLibrary">
<arg>การเดินทางปัจจุบัน</arg>
<arg>${TIMEOUT}</arg>
<doc>Waits until ``text`` appears on the current page.</doc>
<status status="PASS" start="2026-03-17T23:30:52.080841" elapsed="0.017613"/>
</kw>
<kw name="Wait Until Page Contains" owner="SeleniumLibrary">
<arg>คำขอใหม่</arg>
<arg>${TIMEOUT}</arg>
<doc>Waits until ``text`` appears on the current page.</doc>
<status status="PASS" start="2026-03-17T23:30:52.098676" elapsed="0.016612"/>
</kw>
<kw name="Wait Until Page Contains Element" owner="SeleniumLibrary">
<arg>xpath=//button[contains(text(),'รับ')]</arg>
<arg>${TIMEOUT}</arg>
<doc>Waits until the element ``locator`` appears on the current page.</doc>
<status status="PASS" start="2026-03-17T23:30:52.115514" elapsed="0.013022"/>
</kw>
<kw name="Click Element" owner="SeleniumLibrary">
<msg time="2026-03-17T23:30:52.128989" level="INFO">Clicking element 'xpath=//button[contains(text(),'รับ')]'.</msg>
<arg>xpath=//button[contains(text(),'รับ')]</arg>
<doc>Click the element identified by ``locator``.</doc>
<status status="PASS" start="2026-03-17T23:30:52.128767" elapsed="0.143741"/>
</kw>
<kw name="Sleep" owner="BuiltIn">
<msg time="2026-03-17T23:30:55.273888" level="INFO">Slept 3 seconds.</msg>
<arg>3s</arg>
<doc>Pauses the test executed for the given time.</doc>
<status status="PASS" start="2026-03-17T23:30:52.273003" elapsed="3.001052"/>
</kw>
<doc>Driver navigates to /current-trip and accepts the pending booking</doc>
<status status="PASS" start="2026-03-17T23:30:49.014187" elapsed="6.259976"/>
</kw>
<kw name="Driver Start Trip">
<kw name="Go To" owner="SeleniumLibrary">
<msg time="2026-03-17T23:30:55.275065" level="INFO">Opening url 'http://localhost:3001/current-trip'</msg>
<arg>${BASE_URL}/current-trip</arg>
<doc>Navigates the current browser window to the provided ``url``.</doc>
<status status="PASS" start="2026-03-17T23:30:55.274907" elapsed="0.047765"/>
</kw>
<kw name="Sleep" owner="BuiltIn">
<msg time="2026-03-17T23:30:58.323982" level="INFO">Slept 3 seconds.</msg>
<arg>3s</arg>
<doc>Pauses the test executed for the given time.</doc>
<status status="PASS" start="2026-03-17T23:30:55.323053" elapsed="3.001089"/>
</kw>
<kw name="Wait Until Page Contains" owner="SeleniumLibrary">
<arg>การเดินทางปัจจุบัน</arg>
<arg>${TIMEOUT}</arg>
<doc>Waits until ``text`` appears on the current page.</doc>
<status status="PASS" start="2026-03-17T23:30:58.324326" elapsed="0.007315"/>
</kw>
<kw name="Wait Until Page Contains Element" owner="SeleniumLibrary">
<arg>xpath=//button[contains(text(),'เริ่มต้นการเดินทาง')]</arg>
<arg>${TIMEOUT}</arg>
<doc>Waits until the element ``locator`` appears on the current page.</doc>
<status status="PASS" start="2026-03-17T23:30:58.331820" elapsed="0.009611"/>
</kw>
<kw name="Click Element" owner="SeleniumLibrary">
<msg time="2026-03-17T23:30:58.341938" level="INFO">Clicking element 'xpath=//button[contains(text(),'เริ่มต้นการเดินทาง')]'.</msg>
<arg>xpath=//button[contains(text(),'เริ่มต้นการเดินทาง')]</arg>
<doc>Click the element identified by ``locator``.</doc>
<status status="PASS" start="2026-03-17T23:30:58.341682" elapsed="0.052432"/>
</kw>
<kw name="Sleep" owner="BuiltIn">
<msg time="2026-03-17T23:31:00.394926" level="INFO">Slept 2 seconds.</msg>
<arg>2s</arg>
<doc>Pauses the test executed for the given time.</doc>
<status status="PASS" start="2026-03-17T23:30:58.394317" elapsed="2.000771"/>
</kw>
<kw name="Wait Until Page Contains Element" owner="SeleniumLibrary">
<arg>xpath=//button[contains(text(),'ยืนยัน')]</arg>
<arg>${TIMEOUT}</arg>
<doc>Waits until the element ``locator`` appears on the current page.</doc>
<status status="PASS" start="2026-03-17T23:31:00.395272" elapsed="0.008736"/>
</kw>
<kw name="Click Element" owner="SeleniumLibrary">
<msg time="2026-03-17T23:31:00.404367" level="INFO">Clicking element 'xpath=//button[contains(text(),'ยืนยัน')]'.</msg>
<arg>xpath=//button[contains(text(),'ยืนยัน')]</arg>
<doc>Click the element identified by ``locator``.</doc>
<status status="PASS" start="2026-03-17T23:31:00.404185" elapsed="0.046132"/>
</kw>
<kw name="Sleep" owner="BuiltIn">
<msg time="2026-03-17T23:31:03.451325" level="INFO">Slept 3 seconds.</msg>
<arg>3s</arg>
<doc>Pauses the test executed for the given time.</doc>
<status status="PASS" start="2026-03-17T23:31:00.450493" elapsed="3.000973"/>
</kw>
<doc>Driver starts the trip from /current-trip page</doc>
<status status="PASS" start="2026-03-17T23:30:55.274622" elapsed="8.176958"/>
</kw>
<kw name="Sleep" owner="BuiltIn">
<msg time="2026-03-17T23:31:05.452341" level="INFO">Slept 2 seconds.</msg>
<arg>2s</arg>
<doc>Pauses the test executed for the given time.</doc>
<status status="PASS" start="2026-03-17T23:31:03.451953" elapsed="2.000575"/>
</kw>
<kw name="Logout" type="TEARDOWN">
<kw name="Delete All Cookies" owner="SeleniumLibrary">
<doc>Deletes all cookies.</doc>
<status status="PASS" start="2026-03-17T23:31:05.454035" elapsed="0.044782"/>
</kw>
<kw name="Go To" owner="SeleniumLibrary">
<msg time="2026-03-17T23:31:05.499255" level="INFO">Opening url 'http://localhost:3001/login'</msg>
<arg>${BASE_URL}/login</arg>
<doc>Navigates the current browser window to the provided ``url``.</doc>
<status status="PASS" start="2026-03-17T23:31:05.499041" elapsed="0.064100"/>
</kw>
<kw name="Wait Until Page Contains Element" owner="SeleniumLibrary">
<arg>id=identifier</arg>
<arg>${TIMEOUT}</arg>
<doc>Waits until the element ``locator`` appears on the current page.</doc>
<status status="PASS" start="2026-03-17T23:31:05.563434" elapsed="0.028668"/>
</kw>
<status status="PASS" start="2026-03-17T23:31:05.453095" elapsed="0.139148"/>
</kw>
<doc>Given a driver who has a pending booking request,
When they confirm the booking and start the trip,
Then the route status should change to IN_TRANSIT.</doc>
<tag>booking</tag>
<tag>confirm</tag>
<tag>driver</tag>
<tag>start</tag>
<status status="PASS" start="2026-03-17T23:30:46.704836" elapsed="18.887685"/>
</test>
<test id="s1-t4" name="Driver Sends Arrival Notification" line="519">
<kw name="Driver Login">
<kw name="Login As">
<kw name="Go To" owner="SeleniumLibrary">
<msg time="2026-03-17T23:31:05.594921" level="INFO">Opening url 'http://localhost:3001/login'</msg>
<arg>${BASE_URL}/login</arg>
<doc>Navigates the current browser window to the provided ``url``.</doc>
<status status="PASS" start="2026-03-17T23:31:05.594724" elapsed="0.052594"/>
</kw>
<kw name="Wait Until Page Contains Element" owner="SeleniumLibrary">
<arg>id=identifier</arg>
<arg>${TIMEOUT}</arg>
<doc>Waits until the element ``locator`` appears on the current page.</doc>
<status status="PASS" start="2026-03-17T23:31:05.647604" elapsed="0.015424"/>
</kw>
<kw name="Clear Element Text" owner="SeleniumLibrary">
<arg>id=identifier</arg>
<doc>Clears the value of the text-input-element identified by ``locator``.</doc>
<status status="PASS" start="2026-03-17T23:31:05.663332" elapsed="0.033661"/>
</kw>
<kw name="Input Text" owner="SeleniumLibrary">
<msg time="2026-03-17T23:31:05.697469" level="INFO">Typing text 'driver@test.com' into text field 'id=identifier'.</msg>
<arg>id=identifier</arg>
<arg>${username}</arg>
<doc>Types the given ``text`` into the text field identified by ``locator``.</doc>
<status status="PASS" start="2026-03-17T23:31:05.697202" elapsed="0.117941"/>
</kw>
<kw name="Clear Element Text" owner="SeleniumLibrary">
<arg>id=password</arg>
<doc>Clears the value of the text-input-element identified by ``locator``.</doc>
<status status="PASS" start="2026-03-17T23:31:05.815333" elapsed="0.047629"/>
</kw>
<kw name="Input Text" owner="SeleniumLibrary">
<msg time="2026-03-17T23:31:05.864082" level="INFO">Typing text 'password123' into text field 'id=password'.</msg>
<arg>id=password</arg>
<arg>${password}</arg>
<doc>Types the given ``text`` into the text field identified by ``locator``.</doc>
<status status="PASS" start="2026-03-17T23:31:05.863790" elapsed="0.068063"/>
</kw>
<kw name="Click Button" owner="SeleniumLibrary">
<msg time="2026-03-17T23:31:05.932243" level="INFO">Clicking button 'xpath=//button[@type='submit']'.</msg>
<arg>xpath=//button[@type='submit']</arg>
<doc>Clicks the button identified by ``locator``.</doc>
<status status="PASS" start="2026-03-17T23:31:05.932041" elapsed="0.053430"/>
</kw>
<kw name="Sleep" owner="BuiltIn">
<msg time="2026-03-17T23:31:07.986350" level="INFO">Slept 2 seconds.</msg>
<arg>2s</arg>
<doc>Pauses the test executed for the given time.</doc>
<status status="PASS" start="2026-03-17T23:31:05.985657" elapsed="2.000885"/>
</kw>
<arg>${DRIVER_USERNAME}</arg>
<arg>${DRIVER_PASSWORD}</arg>
<status status="PASS" start="2026-03-17T23:31:05.594341" elapsed="2.392338"/>
</kw>
<status status="PASS" start="2026-03-17T23:31:05.594012" elapsed="2.392751"/>
</kw>
<kw name="Driver Send Arrival Notification">
<kw name="Go To" owner="SeleniumLibrary">
<msg time="2026-03-17T23:31:07.987734" level="INFO">Opening url 'http://localhost:3001/current-trip'</msg>
<arg>${BASE_URL}/current-trip</arg>
<doc>Navigates the current browser window to the provided ``url``.</doc>
<status status="PASS" start="2026-03-17T23:31:07.987560" elapsed="0.048988"/>
</kw>
<kw name="Sleep" owner="BuiltIn">
<msg time="2026-03-17T23:31:11.037301" level="INFO">Slept 3 seconds.</msg>
<arg>3s</arg>
<doc>Pauses the test executed for the given time.</doc>
<status status="PASS" start="2026-03-17T23:31:08.036823" elapsed="3.000601"/>
</kw>
<kw name="Wait Until Page Contains" owner="SeleniumLibrary">
<arg>การเดินทางปัจจุบัน</arg>
<arg>${TIMEOUT}</arg>
<doc>Waits until ``text`` appears on the current page.</doc>
<status status="PASS" start="2026-03-17T23:31:11.037597" elapsed="0.008876"/>
</kw>
<kw name="Wait Until Page Contains" owner="SeleniumLibrary">
<arg>รอรับผู้โดยสาร</arg>
<arg>${TIMEOUT}</arg>
<doc>Waits until ``text`` appears on the current page.</doc>
<status status="PASS" start="2026-03-17T23:31:11.046658" elapsed="0.009493"/>
</kw>
<kw name="Wait Until Page Contains Element" owner="SeleniumLibrary">
<arg>xpath=//button[@title='แจ้งเตือนจะถึงแล้ว']</arg>
<arg>${TIMEOUT}</arg>
<doc>Waits until the element ``locator`` appears on the current page.</doc>
<status status="PASS" start="2026-03-17T23:31:11.056344" elapsed="0.009305"/>
</kw>
<kw name="Click Element" owner="SeleniumLibrary">
<msg time="2026-03-17T23:31:11.066048" level="INFO">Clicking element 'xpath=//button[@title='แจ้งเตือนจะถึงแล้ว']'.</msg>
<arg>xpath=//button[@title='แจ้งเตือนจะถึงแล้ว']</arg>
<doc>Click the element identified by ``locator``.</doc>
<status status="PASS" start="2026-03-17T23:31:11.065830" elapsed="0.051673"/>
</kw>
<kw name="Sleep" owner="BuiltIn">
<msg time="2026-03-17T23:31:14.118038" level="INFO">Slept 3 seconds.</msg>
<arg>3s</arg>
<doc>Pauses the test executed for the given time.</doc>
<status status="PASS" start="2026-03-17T23:31:11.117694" elapsed="3.000473"/>
</kw>
<kw name="Run Keyword And Return Status" owner="BuiltIn">
<kw name="Wait Until Page Contains" owner="SeleniumLibrary">
<arg>จะถึงภายใน</arg>
<arg>10s</arg>
<doc>Waits until ``text`` appears on the current page.</doc>
<status status="PASS" start="2026-03-17T23:31:14.118505" elapsed="0.011296"/>
</kw>
<msg time="2026-03-17T23:31:14.129967" level="INFO">${modal_ok} = True</msg>
<var>${modal_ok}</var>
<arg>Wait Until Page Contains</arg>
<arg>จะถึงภายใน</arg>
<arg>10s</arg>
<doc>Runs the given keyword with given arguments and returns the status as a Boolean value.</doc>
<status status="PASS" start="2026-03-17T23:31:14.118351" elapsed="0.011644"/>
</kw>
<kw name="Run Keyword If" owner="BuiltIn">
<arg>'${modal_ok}' == 'False'</arg>
<arg>Wait Until Page Contains Element</arg>
<arg>xpath=//*[contains(text(),'นาที')]</arg>
<arg>${TIMEOUT}</arg>
<doc>Runs the given keyword with the given arguments, if ``condition`` is true.</doc>
<status status="PASS" start="2026-03-17T23:31:14.130140" elapsed="0.000201"/>
</kw>
<kw name="Sleep" owner="BuiltIn">
<msg time="2026-03-17T23:31:15.131055" level="INFO">Slept 1 second.</msg>
<arg>1s</arg>
<doc>Pauses the test executed for the given time.</doc>
<status status="PASS" start="2026-03-17T23:31:14.130436" elapsed="1.000743"/>
</kw>
<kw name="Run Keyword And Return Status" owner="BuiltIn">
<kw name="Wait Until Page Contains Element" owner="SeleniumLibrary">
<msg time="2026-03-17T23:31:30.462926" level="INFO" html="true">&lt;/td&gt;&lt;/tr&gt;&lt;tr&gt;&lt;td colspan="3"&gt;&lt;a href="selenium-screenshot-30.png"&gt;&lt;img src="selenium-screenshot-30.png" width="800px"&gt;&lt;/a&gt;</msg>
<msg time="2026-03-17T23:31:30.463207" level="FAIL">Element 'xpath=//button[normalize-space(text())='5 นาที']' did not appear in 5 seconds.</msg>
<arg>xpath=//button[normalize-space(text())='5 นาที']</arg>
<arg>5s</arg>
<doc>Waits until the element ``locator`` appears on the current page.</doc>
<status status="FAIL" start="2026-03-17T23:31:15.131504" elapsed="15.334188">Element 'xpath=//button[normalize-space(text())='5 นาที']' did not appear in 5 seconds.</status>
</kw>
<msg time="2026-03-17T23:31:30.465841" level="INFO">${btn_5_text} = False</msg>
<var>${btn_5_text}</var>
<arg>Wait Until Page Contains Element</arg>
<arg>xpath=//button[normalize-space(text())='5 นาที']</arg>
<arg>5s</arg>
<doc>Runs the given keyword with given arguments and returns the status as a Boolean value.</doc>
<status status="PASS" start="2026-03-17T23:31:15.131356" elapsed="15.334511"/>
</kw>
<kw name="Run Keyword If" owner="BuiltIn">
<arg>'${btn_5_text}' == 'True'</arg>
<arg>Click Element</arg>
<arg>xpath=//button[normalize-space(text())='5 นาที']</arg>
<doc>Runs the given keyword with the given arguments, if ``condition`` is true.</doc>
<status status="PASS" start="2026-03-17T23:31:30.466016" elapsed="0.000177"/>
</kw>
<error>
<msg time="2026-03-17T23:31:30.466299" level="FAIL">ELSE IF is not allowed in this context.</msg>
<value>ELSE IF</value>
<value>'${btn_5_text}' == 'False'</value>
<value>Run Keywords</value>
<value>Log</value>
<value>Trying contains text selector</value>
<value>AND</value>
<value>Click Element</value>
<value>xpath=//button[contains(., '5') and contains(., 'นาที')]</value>
<status status="FAIL" start="2026-03-17T23:31:30.466256" elapsed="0.000076">ELSE IF is not allowed in this context.</status>
</error>
<kw name="Sleep" owner="BuiltIn">
<arg>1s</arg>
<doc>Pauses the test executed for the given time.</doc>
<status status="NOT RUN" start="2026-03-17T23:31:30.466675" elapsed="0.000037"/>
</kw>
<kw name="Run Keyword And Return Status" owner="BuiltIn">
<var>${confirm_in_modal}</var>
<arg>Wait Until Page Contains Element</arg>
<arg>xpath=//div[contains(@class,'modal') or contains(@class,'dialog') or contains(@class,'fixed')]//button[contains(text(),'ยืนยัน')]</arg>
<arg>5s</arg>
<doc>Runs the given keyword with given arguments and returns the status as a Boolean value.</doc>
<status status="NOT RUN" start="2026-03-17T23:31:30.466823" elapsed="0.000026"/>
</kw>
<kw name="Run Keyword If" owner="BuiltIn">
<arg>'${confirm_in_modal}' == 'True'</arg>
<arg>Click Element</arg>
<arg>xpath=//div[contains(@class,'modal') or contains(@class,'dialog') or contains(@class,'fixed')]//button[contains(text(),'ยืนยัน')]</arg>
<doc>Runs the given keyword with the given arguments, if ``condition`` is true.</doc>
<status status="NOT RUN" start="2026-03-17T23:31:30.466967" elapsed="0.000026"/>
</kw>
<error>
<value>ELSE</value>
<value>Click Element</value>
<value>xpath=(//button[contains(text(),'ยืนยัน')])[last()]</value>
<status status="NOT RUN" start="2026-03-17T23:31:30.467108" elapsed="0.000028"/>
</error>
<kw name="Sleep" owner="BuiltIn">
<arg>3s</arg>
<doc>Pauses the test executed for the given time.</doc>
<status status="NOT RUN" start="2026-03-17T23:31:30.467216" elapsed="0.000022"/>
</kw>
<doc>Driver sends an arrival notification to the passenger from /current-trip</doc>
<status status="FAIL" start="2026-03-17T23:31:07.987297" elapsed="22.480051">ELSE IF is not allowed in this context.</status>
</kw>
<kw name="Sleep" owner="BuiltIn">
<arg>2s</arg>
<doc>Pauses the test executed for the given time.</doc>
<status status="NOT RUN" start="2026-03-17T23:31:30.467835" elapsed="0.000058"/>
</kw>
<kw name="Logout" type="TEARDOWN">
<kw name="Delete All Cookies" owner="SeleniumLibrary">
<doc>Deletes all cookies.</doc>
<status status="PASS" start="2026-03-17T23:31:30.468580" elapsed="0.030466"/>
</kw>
<kw name="Go To" owner="SeleniumLibrary">
<msg time="2026-03-17T23:31:30.499388" level="INFO">Opening url 'http://localhost:3001/login'</msg>
<arg>${BASE_URL}/login</arg>
<doc>Navigates the current browser window to the provided ``url``.</doc>
<status status="PASS" start="2026-03-17T23:31:30.499221" elapsed="0.051765"/>
</kw>
<kw name="Wait Until Page Contains Element" owner="SeleniumLibrary">
<arg>id=identifier</arg>
<arg>${TIMEOUT}</arg>
<doc>Waits until the element ``locator`` appears on the current page.</doc>
<status status="PASS" start="2026-03-17T23:31:30.551207" elapsed="0.012413"/>
</kw>
<status status="PASS" start="2026-03-17T23:31:30.468326" elapsed="0.095428"/>
</kw>
<doc>Given a driver who is in transit,
When they click the bell icon next to a confirmed
passenger and select arrival time,
Then the arrival notification should be sent.</doc>
<tag>arrival</tag>
<tag>driver</tag>
<tag>notification</tag>
<status status="FAIL" start="2026-03-17T23:31:05.593208" elapsed="24.970779">ELSE IF is not allowed in this context.</status>
</test>
<test id="s1-t5" name="Passenger Sees Arrival Notification" line="544">
<kw name="Passenger Login">
<kw name="Login As">
<kw name="Go To" owner="SeleniumLibrary">
<msg time="2026-03-17T23:31:30.566299" level="INFO">Opening url 'http://localhost:3001/login'</msg>
<arg>${BASE_URL}/login</arg>
<doc>Navigates the current browser window to the provided ``url``.</doc>
<status status="PASS" start="2026-03-17T23:31:30.566177" elapsed="0.046913"/>
</kw>
<kw name="Wait Until Page Contains Element" owner="SeleniumLibrary">
<arg>id=identifier</arg>
<arg>${TIMEOUT}</arg>
<doc>Waits until the element ``locator`` appears on the current page.</doc>
<status status="PASS" start="2026-03-17T23:31:30.613382" elapsed="0.012677"/>
</kw>
<kw name="Clear Element Text" owner="SeleniumLibrary">
<arg>id=identifier</arg>
<doc>Clears the value of the text-input-element identified by ``locator``.</doc>
<status status="PASS" start="2026-03-17T23:31:30.626303" elapsed="0.037865"/>
</kw>
<kw name="Input Text" owner="SeleniumLibrary">
<msg time="2026-03-17T23:31:30.664755" level="INFO">Typing text 'passenger1@test.com' into text field 'id=identifier'.</msg>
<arg>id=identifier</arg>
<arg>${username}</arg>
<doc>Types the given ``text`` into the text field identified by ``locator``.</doc>
<status status="PASS" start="2026-03-17T23:31:30.664426" elapsed="0.121043"/>
</kw>
<kw name="Clear Element Text" owner="SeleniumLibrary">
<arg>id=password</arg>
<doc>Clears the value of the text-input-element identified by ``locator``.</doc>
<status status="PASS" start="2026-03-17T23:31:30.785653" elapsed="0.043727"/>
</kw>
<kw name="Input Text" owner="SeleniumLibrary">
<msg time="2026-03-17T23:31:30.829948" level="INFO">Typing text 'password123' into text field 'id=password'.</msg>
<arg>id=password</arg>
<arg>${password}</arg>
<doc>Types the given ``text`` into the text field identified by ``locator``.</doc>
<status status="PASS" start="2026-03-17T23:31:30.829561" elapsed="0.076315"/>
</kw>
<kw name="Click Button" owner="SeleniumLibrary">
<msg time="2026-03-17T23:31:30.906307" level="INFO">Clicking button 'xpath=//button[@type='submit']'.</msg>
<arg>xpath=//button[@type='submit']</arg>
<doc>Clicks the button identified by ``locator``.</doc>
<status status="PASS" start="2026-03-17T23:31:30.906087" elapsed="0.054415"/>
</kw>
<kw name="Sleep" owner="BuiltIn">
<msg time="2026-03-17T23:31:32.961413" level="INFO">Slept 2 seconds.</msg>
<arg>2s</arg>
<doc>Pauses the test executed for the given time.</doc>
<status status="PASS" start="2026-03-17T23:31:30.960759" elapsed="2.000844"/>
</kw>
<arg>${PASSENGER_USERNAME}</arg>
<arg>${PASSENGER_PASSWORD}</arg>
<status status="PASS" start="2026-03-17T23:31:30.565921" elapsed="2.395826"/>
</kw>
<status status="PASS" start="2026-03-17T23:31:30.565646" elapsed="2.396187"/>
</kw>
<kw name="Passenger Check Notification">
<kw name="Sleep" owner="BuiltIn">
<msg time="2026-03-17T23:31:35.962967" level="INFO">Slept 3 seconds.</msg>
<arg>3s</arg>
<doc>Pauses the test executed for the given time.</doc>
<status status="PASS" start="2026-03-17T23:31:32.962567" elapsed="3.000532"/>
</kw>
<kw name="Reload Page" owner="SeleniumLibrary">
<doc>Simulates user reloading page.</doc>
<status status="PASS" start="2026-03-17T23:31:35.963271" elapsed="0.077950"/>
</kw>
<kw name="Sleep" owner="BuiltIn">
<msg time="2026-03-17T23:31:39.042172" level="INFO">Slept 3 seconds.</msg>
<arg>3s</arg>
<doc>Pauses the test executed for the given time.</doc>
<status status="PASS" start="2026-03-17T23:31:36.041482" elapsed="3.000834"/>
</kw>
<kw name="Run Keyword And Return Status" owner="BuiltIn">
<kw name="Wait Until Page Contains Element" owner="SeleniumLibrary">
<arg>xpath=//a[contains(text(),'กำลังเดินทาง')]</arg>
<arg>${TIMEOUT}</arg>
<doc>Waits until the element ``locator`` appears on the current page.</doc>
<status status="PASS" start="2026-03-17T23:31:39.042686" elapsed="0.010180"/>
</kw>
<msg time="2026-03-17T23:31:39.053025" level="INFO">${nav_link} = True</msg>
<var>${nav_link}</var>
<arg>Wait Until Page Contains Element</arg>
<arg>xpath=//a[contains(text(),'กำลังเดินทาง')]</arg>
<arg>${TIMEOUT}</arg>
<doc>Runs the given keyword with given arguments and returns the status as a Boolean value.</doc>
<status status="PASS" start="2026-03-17T23:31:39.042504" elapsed="0.010550"/>
</kw>
<kw name="Run Keyword If" owner="BuiltIn">
<kw name="Click Element" owner="SeleniumLibrary">
<msg time="2026-03-17T23:31:39.053577" level="INFO">Clicking element 'xpath=//a[contains(text(),'กำลังเดินทาง')]'.</msg>
<arg>xpath=//a[contains(text(),'กำลังเดินทาง')]</arg>
<doc>Click the element identified by ``locator``.</doc>
<status status="PASS" start="2026-03-17T23:31:39.053423" elapsed="0.106829"/>
</kw>
<arg>'${nav_link}' == 'True'</arg>
<arg>Click Element</arg>
<arg>xpath=//a[contains(text(),'กำลังเดินทาง')]</arg>
<doc>Runs the given keyword with the given arguments, if ``condition`` is true.</doc>
<status status="PASS" start="2026-03-17T23:31:39.053195" elapsed="0.107223"/>
</kw>
<error>
<msg time="2026-03-17T23:31:39.160564" level="FAIL">ELSE is not allowed in this context.</msg>
<value>ELSE</value>
<value>Go To</value>
<value>${BASE_URL}/current-trip</value>
<status status="FAIL" start="2026-03-17T23:31:39.160504" elapsed="0.000120">ELSE is not allowed in this context.</status>
</error>
<kw name="Sleep" owner="BuiltIn">
<arg>3s</arg>
<doc>Pauses the test executed for the given time.</doc>
<status status="NOT RUN" start="2026-03-17T23:31:39.160789" elapsed="0.000080"/>
</kw>
<kw name="Wait Until Page Contains" owner="SeleniumLibrary">
<arg>การเดินทางปัจจุบัน</arg>
<arg>${TIMEOUT}</arg>
<doc>Waits until ``text`` appears on the current page.</doc>
<status status="NOT RUN" start="2026-03-17T23:31:39.161013" elapsed="0.000037"/>
</kw>
<kw name="Run Keyword And Return Status" owner="BuiltIn">
<var>${bubble_aria}</var>
<arg>Wait Until Page Contains Element</arg>
<arg>xpath=//button[@aria-label='Toggle Trip Status']</arg>
<arg>8s</arg>
<doc>Runs the given keyword with given arguments and returns the status as a Boolean value.</doc>
<status status="NOT RUN" start="2026-03-17T23:31:39.161508" elapsed="0.000104"/>
</kw>
<kw name="Run Keyword If" owner="BuiltIn">
<arg>'${bubble_aria}' == 'True'</arg>
<arg>Click Element</arg>
<arg>xpath=//button[@aria-label='Toggle Trip Status']</arg>
<doc>Runs the given keyword with the given arguments, if ``condition`` is true.</doc>
<status status="NOT RUN" start="2026-03-17T23:31:39.162237" elapsed="0.000049"/>
</kw>
<error>
<value>ELSE</value>
<value>Run Keyword And Ignore Error</value>
<value>Click Element</value>
<value>xpath=//button[contains(@class,'fixed') and contains(@class,'rounded-full')]</value>
<status status="NOT RUN" start="2026-03-17T23:31:39.162366" elapsed="0.000046"/>
</error>
<kw name="Sleep" owner="BuiltIn">
<arg>2s</arg>
<doc>Pauses the test executed for the given time.</doc>
<status status="NOT RUN" start="2026-03-17T23:31:39.162539" elapsed="0.000041"/>
</kw>
<kw name="Wait Until Page Contains" owner="SeleniumLibrary">
<arg>5 นาที</arg>
<arg>${TIMEOUT}</arg>
<doc>Waits until ``text`` appears on the current page.</doc>
<status status="NOT RUN" start="2026-03-17T23:31:39.162710" elapsed="0.000032"/>
</kw>
<doc>Passenger checks the arrival notification from the current trip page</doc>
<status status="FAIL" start="2026-03-17T23:31:32.962237" elapsed="6.200705">ELSE is not allowed in this context.</status>
</kw>
<kw name="Logout" type="TEARDOWN">
<kw name="Delete All Cookies" owner="SeleniumLibrary">
<doc>Deletes all cookies.</doc>
<status status="PASS" start="2026-03-17T23:31:39.163896" elapsed="0.056862"/>
</kw>
<kw name="Go To" owner="SeleniumLibrary">
<msg time="2026-03-17T23:31:39.221228" level="INFO">Opening url 'http://localhost:3001/login'</msg>
<arg>${BASE_URL}/login</arg>
<doc>Navigates the current browser window to the provided ``url``.</doc>
<status status="PASS" start="2026-03-17T23:31:39.221017" elapsed="0.052893"/>
</kw>
<kw name="Wait Until Page Contains Element" owner="SeleniumLibrary">
<arg>id=identifier</arg>
<arg>${TIMEOUT}</arg>
<doc>Waits until the element ``locator`` appears on the current page.</doc>
<status status="PASS" start="2026-03-17T23:31:39.274210" elapsed="0.016494"/>
</kw>
<status status="PASS" start="2026-03-17T23:31:39.163580" elapsed="0.127268"/>
</kw>
<doc>Given a passenger whose driver has sent an arrival
notification,
When they click 'กำลังเดินทาง...' to view current trip,
Then they should see the arrival notification modal.</doc>
<tag>notification</tag>
<tag>passenger</tag>
<tag>verify</tag>
<status status="FAIL" start="2026-03-17T23:31:30.564783" elapsed="8.726271">ELSE is not allowed in this context.</status>
</test>
<test id="s1-t6" name="Driver Completes The Route" line="567">
<kw name="Driver Login">
<kw name="Login As">
<kw name="Go To" owner="SeleniumLibrary">
<msg time="2026-03-17T23:31:39.293423" level="INFO">Opening url 'http://localhost:3001/login'</msg>
<arg>${BASE_URL}/login</arg>
<doc>Navigates the current browser window to the provided ``url``.</doc>
<status status="PASS" start="2026-03-17T23:31:39.293241" elapsed="0.042034"/>
</kw>
<kw name="Wait Until Page Contains Element" owner="SeleniumLibrary">
<arg>id=identifier</arg>
<arg>${TIMEOUT}</arg>
<doc>Waits until the element ``locator`` appears on the current page.</doc>
<status status="PASS" start="2026-03-17T23:31:39.335521" elapsed="0.024116"/>
</kw>
<kw name="Clear Element Text" owner="SeleniumLibrary">
<arg>id=identifier</arg>
<doc>Clears the value of the text-input-element identified by ``locator``.</doc>
<status status="PASS" start="2026-03-17T23:31:39.359833" elapsed="0.024851"/>
</kw>
<kw name="Input Text" owner="SeleniumLibrary">
<msg time="2026-03-17T23:31:39.385206" level="INFO">Typing text 'driver@test.com' into text field 'id=identifier'.</msg>
<arg>id=identifier</arg>
<arg>${username}</arg>
<doc>Types the given ``text`` into the text field identified by ``locator``.</doc>
<status status="PASS" start="2026-03-17T23:31:39.384930" elapsed="0.115409"/>
</kw>
<kw name="Clear Element Text" owner="SeleniumLibrary">
<arg>id=password</arg>
<doc>Clears the value of the text-input-element identified by ``locator``.</doc>
<status status="PASS" start="2026-03-17T23:31:39.500519" elapsed="0.044041"/>
</kw>
<kw name="Input Text" owner="SeleniumLibrary">
<msg time="2026-03-17T23:31:39.544989" level="INFO">Typing text 'password123' into text field 'id=password'.</msg>
<arg>id=password</arg>
<arg>${password}</arg>
<doc>Types the given ``text`` into the text field identified by ``locator``.</doc>
<status status="PASS" start="2026-03-17T23:31:39.544747" elapsed="0.066889"/>
</kw>
<kw name="Click Button" owner="SeleniumLibrary">
<msg time="2026-03-17T23:31:39.612065" level="INFO">Clicking button 'xpath=//button[@type='submit']'.</msg>
<arg>xpath=//button[@type='submit']</arg>
<doc>Clicks the button identified by ``locator``.</doc>
<status status="PASS" start="2026-03-17T23:31:39.611837" elapsed="0.057104"/>
</kw>
<kw name="Sleep" owner="BuiltIn">
<msg time="2026-03-17T23:31:41.669532" level="INFO">Slept 2 seconds.</msg>
<arg>2s</arg>
<doc>Pauses the test executed for the given time.</doc>
<status status="PASS" start="2026-03-17T23:31:39.669129" elapsed="2.000552"/>
</kw>
<arg>${DRIVER_USERNAME}</arg>
<arg>${DRIVER_PASSWORD}</arg>
<status status="PASS" start="2026-03-17T23:31:39.292817" elapsed="2.376992"/>
</kw>
<status status="PASS" start="2026-03-17T23:31:39.292536" elapsed="2.377357"/>
</kw>
<kw name="Driver Complete Trip">
<kw name="Go To" owner="SeleniumLibrary">
<msg time="2026-03-17T23:31:41.670813" level="INFO">Opening url 'http://localhost:3001/current-trip'</msg>
<arg>${BASE_URL}/current-trip</arg>
<doc>Navigates the current browser window to the provided ``url``.</doc>
<status status="PASS" start="2026-03-17T23:31:41.670662" elapsed="0.066402"/>
</kw>
<kw name="Sleep" owner="BuiltIn">
<msg time="2026-03-17T23:31:44.737911" level="INFO">Slept 3 seconds.</msg>
<arg>3s</arg>
<doc>Pauses the test executed for the given time.</doc>
<status status="PASS" start="2026-03-17T23:31:41.737391" elapsed="3.000646"/>
</kw>
<kw name="Wait Until Page Contains" owner="SeleniumLibrary">
<arg>การเดินทางปัจจุบัน</arg>
<arg>${TIMEOUT}</arg>
<doc>Waits until ``text`` appears on the current page.</doc>
<status status="PASS" start="2026-03-17T23:31:44.738211" elapsed="0.009341"/>
</kw>
<kw name="Wait Until Page Contains" owner="SeleniumLibrary">
<arg>รอรับผู้โดยสาร</arg>
<arg>${TIMEOUT}</arg>
<doc>Waits until ``text`` appears on the current page.</doc>
<status status="PASS" start="2026-03-17T23:31:44.747744" elapsed="0.006596"/>
</kw>
<kw name="Wait Until Page Contains Element" owner="SeleniumLibrary">
<arg>xpath=//button[@title='เช็คอิน']</arg>
<arg>${TIMEOUT}</arg>
<doc>Waits until the element ``locator`` appears on the current page.</doc>
<status status="PASS" start="2026-03-17T23:31:44.754517" elapsed="0.010320"/>
</kw>
<kw name="Click Element" owner="SeleniumLibrary">
<msg time="2026-03-17T23:31:44.765230" level="INFO">Clicking element 'xpath=//button[@title='เช็คอิน']'.</msg>
<arg>xpath=//button[@title='เช็คอิน']</arg>
<doc>Click the element identified by ``locator``.</doc>
<status status="PASS" start="2026-03-17T23:31:44.765035" elapsed="0.045429"/>
</kw>
<kw name="Sleep" owner="BuiltIn">
<msg time="2026-03-17T23:31:47.811549" level="INFO">Slept 3 seconds.</msg>
<arg>3s</arg>
<doc>Pauses the test executed for the given time.</doc>
<status status="PASS" start="2026-03-17T23:31:44.810655" elapsed="3.001082"/>
</kw>
<kw name="Wait Until Page Contains" owner="SeleniumLibrary">
<arg>อยู่ระหว่างการเดินทาง