<?xml version="1.0" encoding="UTF-8"?>
<robot generator="Robot 7.4.1 (Python 3.14.3 on win32)" generated="2026-03-17T20:03:08.538107" rpa="false" schemaversion="5">
<suite id="s1" name="Report New" source="E:\Works\SE\Sprint_3\SE_SEC1_6_PaiNamNae\test\backend\robot\report\report_new.robot">
<kw name="Open Browser To Login Page" type="SETUP">
<kw name="Open Browser" owner="SeleniumLibrary">
<msg time="2026-03-17T20:03:09.241193" level="INFO">Opening browser 'Chrome' to base url 'http://localhost:3001/login'.</msg>
<arg>${URL}/login</arg>
<arg>${BROWSER}</arg>
<doc>Opens a new browser instance to the optional ``url``.</doc>
<status status="PASS" start="2026-03-17T20:03:09.240652" elapsed="3.075050"/>
</kw>
<kw name="Set Selenium Implicit Wait" owner="SeleniumLibrary">
<arg>${TIMEOUT}</arg>
<doc>Sets the implicit wait value used by Selenium.</doc>
<status status="PASS" start="2026-03-17T20:03:12.317679" elapsed="0.009019"/>
</kw>
<kw name="Wait Until Page Contains Element" owner="SeleniumLibrary">
<arg>id=identifier</arg>
<arg>${TIMEOUT}</arg>
<doc>Waits until the element ``locator`` appears on the current page.</doc>
<status status="PASS" start="2026-03-17T20:03:12.327648" elapsed="0.036065"/>
</kw>
<status status="PASS" start="2026-03-17T20:03:09.239374" elapsed="3.124714"/>
</kw>
<test id="s1-t1" name="Scenario 17: Passenger Views Report History Page" line="373">
<kw name="Passenger Login">
<kw name="Login As">
<kw name="Go To" owner="SeleniumLibrary">
<msg time="2026-03-17T20:03:12.369451" level="INFO">Opening url 'http://localhost:3001/login'</msg>
<arg>${URL}/login</arg>
<doc>Navigates the current browser window to the provided ``url``.</doc>
<status status="PASS" start="2026-03-17T20:03:12.369077" elapsed="0.506381"/>
</kw>
<kw name="Wait Until Page Contains Element" owner="SeleniumLibrary">
<arg>id=identifier</arg>
<arg>${TIMEOUT}</arg>
<doc>Waits until the element ``locator`` appears on the current page.</doc>
<status status="PASS" start="2026-03-17T20:03:12.875944" elapsed="0.077622"/>
</kw>
<kw name="Clear Element Text" owner="SeleniumLibrary">
<arg>id=identifier</arg>
<doc>Clears the value of the text-input-element identified by ``locator``.</doc>
<status status="PASS" start="2026-03-17T20:03:12.953841" elapsed="0.114577"/>
</kw>
<kw name="Input Text" owner="SeleniumLibrary">
<msg time="2026-03-17T20:03:13.069050" level="INFO">Typing text 'passenger1@test.com' into text field 'id=identifier'.</msg>
<arg>id=identifier</arg>
<arg>${email}</arg>
<doc>Types the given ``text`` into the text field identified by ``locator``.</doc>
<status status="PASS" start="2026-03-17T20:03:13.068679" elapsed="0.149509"/>
</kw>
<kw name="Clear Element Text" owner="SeleniumLibrary">
<arg>id=password</arg>
<doc>Clears the value of the text-input-element identified by ``locator``.</doc>
<status status="PASS" start="2026-03-17T20:03:13.218690" elapsed="0.059545"/>
</kw>
<kw name="Input Text" owner="SeleniumLibrary">
<msg time="2026-03-17T20:03:13.278890" level="INFO">Typing text 'password123' into text field 'id=password'.</msg>
<arg>id=password</arg>
<arg>${password}</arg>
<doc>Types the given ``text`` into the text field identified by ``locator``.</doc>
<status status="PASS" start="2026-03-17T20:03:13.278515" elapsed="0.103469"/>
</kw>
<kw name="Click Button" owner="SeleniumLibrary">
<msg time="2026-03-17T20:03:13.382842" level="INFO">Clicking button 'xpath=//button[@type='submit']'.</msg>
<arg>xpath=//button[@type='submit']</arg>
<doc>Clicks the button identified by ``locator``.</doc>
<status status="PASS" start="2026-03-17T20:03:13.382341" elapsed="0.105692"/>
</kw>
<kw name="Sleep" owner="BuiltIn">
<msg time="2026-03-17T20:03:15.489155" level="INFO">Slept 2 seconds.</msg>
<arg>2s</arg>
<doc>Pauses the test executed for the given time.</doc>
<status status="PASS" start="2026-03-17T20:03:13.488259" elapsed="2.001068"/>
</kw>
<arg>${PASSENGER_EMAIL}</arg>
<arg>${PASSENGER_PASS}</arg>
<status status="PASS" start="2026-03-17T20:03:12.368114" elapsed="3.121368"/>
</kw>
<status status="PASS" start="2026-03-17T20:03:12.366757" elapsed="3.122814"/>
</kw>
<kw name="Passenger View Report History">
<kw name="Go To" owner="SeleniumLibrary">
<msg time="2026-03-17T20:03:15.493153" level="INFO">Opening url 'http://localhost:3001/profile/reports'</msg>
<arg>${URL_REPORTS}</arg>
<doc>Navigates the current browser window to the provided ``url``.</doc>
<status status="PASS" start="2026-03-17T20:03:15.492886" elapsed="0.571420"/>
</kw>
<kw name="Sleep" owner="BuiltIn">
<msg time="2026-03-17T20:03:19.065553" level="INFO">Slept 3 seconds.</msg>
<arg>3s</arg>
<doc>Pauses the test executed for the given time.</doc>
<status status="PASS" start="2026-03-17T20:03:16.064688" elapsed="3.001018"/>
</kw>
<kw name="Wait Until Page Contains" owner="SeleniumLibrary">
<arg>รายงานและติดตามปัญหา</arg>
<arg>${TIMEOUT}</arg>
<doc>Waits until ``text`` appears on the current page.</doc>
<status status="PASS" start="2026-03-17T20:03:19.065957" elapsed="0.016562"/>
</kw>
<kw name="Wait Until Page Contains Element" owner="SeleniumLibrary">
<arg>xpath=//button[contains(text(),'ประวัติรายงาน')]</arg>
<arg>${TIMEOUT}</arg>
<doc>Waits until the element ``locator`` appears on the current page.</doc>
<status status="PASS" start="2026-03-17T20:03:19.082812" elapsed="0.011710"/>
</kw>
<kw name="Click Element" owner="SeleniumLibrary">
<msg time="2026-03-17T20:03:19.095162" level="INFO">Clicking element 'xpath=//button[contains(text(),'ประวัติรายงาน')]'.</msg>
<arg>xpath=//button[contains(text(),'ประวัติรายงาน')]</arg>
<doc>Click the element identified by ``locator``.</doc>
<status status="PASS" start="2026-03-17T20:03:19.094819" elapsed="0.087959"/>
</kw>
<kw name="Sleep" owner="BuiltIn">
<msg time="2026-03-17T20:03:21.183850" level="INFO">Slept 2 seconds.</msg>
<arg>2s</arg>
<doc>Pauses the test executed for the given time.</doc>
<status status="PASS" start="2026-03-17T20:03:19.183046" elapsed="2.000961"/>
</kw>
<kw name="Run Keyword And Return Status" owner="BuiltIn">
<kw name="Wait Until Page Contains Element" owner="SeleniumLibrary">
<arg>xpath=//span[contains(@class,'rounded-full') and (contains(text(),'รอพิจารณา') or contains(text(),'รับเรื่อง') or contains(text(),'ปฏิเสธ') or contains(text(),'แก้ไขแล้ว'))]</arg>
<arg>5s</arg>
<doc>Waits until the element ``locator`` appears on the current page.</doc>
<status status="PASS" start="2026-03-17T20:03:21.184896" elapsed="0.015146"/>
</kw>
<msg time="2026-03-17T20:03:21.200357" level="INFO">${has_reports} = True</msg>
<var>${has_reports}</var>
<arg>Wait Until Page Contains Element</arg>
<arg>xpath=//span[contains(@class,'rounded-full') and (contains(text(),'รอพิจารณา') or contains(text(),'รับเรื่อง') or contains(text(),'ปฏิเสธ') or contains(text(),'แก้ไขแล้ว'))]</arg>
<arg>5s</arg>
<doc>Runs the specified keyword and returns the status as a Boolean value.</doc>
<status status="PASS" start="2026-03-17T20:03:21.184270" elapsed="0.016133"/>
</kw>
<kw name="Run Keyword If" owner="BuiltIn">
<kw name="Log" owner="BuiltIn">
<msg time="2026-03-17T20:03:21.201310" level="INFO">พบรายการรายงานพร้อม status badge</msg>
<arg>พบรายการรายงานพร้อม status badge</arg>
<doc>Logs the given message with the given level.</doc>
<status status="PASS" start="2026-03-17T20:03:21.201055" elapsed="0.000319"/>
</kw>
<arg>${has_reports}</arg>
<arg>Log</arg>
<arg>พบรายการรายงานพร้อม status badge</arg>
<doc>Runs the given keyword with the given arguments, if ``condition`` is true.</doc>
<status status="PASS" start="2026-03-17T20:03:21.200612" elapsed="0.000839"/>
</kw>
<kw name="Run Keyword If" owner="BuiltIn">
<arg>not ${has_reports}</arg>
<arg>Page Should Contain</arg>
<arg>ยังไม่มีรายงานใดๆ</arg>
<doc>Runs the given keyword with the given arguments, if ``condition`` is true.</doc>
<status status="PASS" start="2026-03-17T20:03:21.201595" elapsed="0.001244"/>
</kw>
<doc>Passenger navigates to http://localhost:3001/profile/reports (profile/reports),
clicks the "ประวัติรายงาน" tab, and verifies report entries with status badge are shown.</doc>
<status status="PASS" start="2026-03-17T20:03:15.492305" elapsed="5.710691"/>
</kw>
<kw name="Logout">
<kw name="Delete All Cookies" owner="SeleniumLibrary">
<doc>Deletes all cookies.</doc>
<status status="PASS" start="2026-03-17T20:03:21.203792" elapsed="0.026936"/>
</kw>
<kw name="Go To" owner="SeleniumLibrary">
<msg time="2026-03-17T20:03:21.231749" level="INFO">Opening url 'http://localhost:3001/login'</msg>
<arg>${URL}/login</arg>
<doc>Navigates the current browser window to the provided ``url``.</doc>
<status status="PASS" start="2026-03-17T20:03:21.231332" elapsed="0.259519"/>
</kw>
<kw name="Wait Until Page Contains Element" owner="SeleniumLibrary">
<arg>id=identifier</arg>
<arg>${TIMEOUT}</arg>
<doc>Waits until the element ``locator`` appears on the current page.</doc>
<status status="PASS" start="2026-03-17T20:03:21.491152" elapsed="0.052143"/>
</kw>
<kw name="Sleep" owner="BuiltIn">
<msg time="2026-03-17T20:03:22.544211" level="INFO">Slept 1 second.</msg>
<arg>1s</arg>
<doc>Pauses the test executed for the given time.</doc>
<status status="PASS" start="2026-03-17T20:03:21.543590" elapsed="1.000783"/>
</kw>
<status status="PASS" start="2026-03-17T20:03:21.203436" elapsed="1.341081"/>
</kw>
<doc>After reporting, passenger navigates to /profile/reports
and verifies the history tab shows at least one report entry with a status badge.</doc>
<status status="PASS" start="2026-03-17T20:03:12.364397" elapsed="10.180606"/>
</test>
<test id="s1-t2" name="Scenario 18: Report History Shows PENDING Status After In-Trip Report" line="380">
<kw name="Prepare Trip For Reporting">
<kw name="Driver Login">
<kw name="Login As">
<kw name="Go To" owner="SeleniumLibrary">
<msg time="2026-03-17T20:03:22.548597" level="INFO">Opening url 'http://localhost:3001/login'</msg>
<arg>${URL}/login</arg>
<doc>Navigates the current browser window to the provided ``url``.</doc>
<status status="PASS" start="2026-03-17T20:03:22.548421" elapsed="0.246462"/>
</kw>
<kw name="Wait Until Page Contains Element" owner="SeleniumLibrary">
<arg>id=identifier</arg>
<arg>${TIMEOUT}</arg>
<doc>Waits until the element ``locator`` appears on the current page.</doc>
<status status="PASS" start="2026-03-17T20:03:22.795207" elapsed="0.043634"/>
</kw>
<kw name="Clear Element Text" owner="SeleniumLibrary">
<arg>id=identifier</arg>
<doc>Clears the value of the text-input-element identified by ``locator``.</doc>
<status status="PASS" start="2026-03-17T20:03:22.839176" elapsed="0.053967"/>
</kw>
<kw name="Input Text" owner="SeleniumLibrary">
<msg time="2026-03-17T20:03:22.893761" level="INFO">Typing text 'driver@test.com' into text field 'id=identifier'.</msg>
<arg>id=identifier</arg>
<arg>${email}</arg>
<doc>Types the given ``text`` into the text field identified by ``locator``.</doc>
<status status="PASS" start="2026-03-17T20:03:22.893437" elapsed="0.155327"/>
</kw>
<kw name="Clear Element Text" owner="SeleniumLibrary">
<arg>id=password</arg>
<doc>Clears the value of the text-input-element identified by ``locator``.</doc>
<status status="PASS" start="2026-03-17T20:03:23.049148" elapsed="0.061758"/>
</kw>
<kw name="Input Text" owner="SeleniumLibrary">
<msg time="2026-03-17T20:03:23.111706" level="INFO">Typing text 'password123' into text field 'id=password'.</msg>
<arg>id=password</arg>
<arg>${password}</arg>
<doc>Types the given ``text`` into the text field identified by ``locator``.</doc>
<status status="PASS" start="2026-03-17T20:03:23.111263" elapsed="0.145009"/>
</kw>
<kw name="Click Button" owner="SeleniumLibrary">
<msg time="2026-03-17T20:03:23.257104" level="INFO">Clicking button 'xpath=//button[@type='submit']'.</msg>
<arg>xpath=//button[@type='submit']</arg>
<doc>Clicks the button identified by ``locator``.</doc>
<status status="PASS" start="2026-03-17T20:03:23.256647" elapsed="0.101180"/>
</kw>
<kw name="Sleep" owner="BuiltIn">
<msg time="2026-03-17T20:03:25.359239" level="INFO">Slept 2 seconds.</msg>
<arg>2s</arg>
<doc>Pauses the test executed for the given time.</doc>
<status status="PASS" start="2026-03-17T20:03:23.358169" elapsed="2.001305"/>
</kw>
<arg>${DRIVER_EMAIL}</arg>
<arg>${DRIVER_PASS}</arg>
<status status="PASS" start="2026-03-17T20:03:22.548027" elapsed="2.811672"/>
</kw>
<status status="PASS" start="2026-03-17T20:03:22.547712" elapsed="2.812146"/>
</kw>
<kw name="Driver Create Route">
<kw name="Go To" owner="SeleniumLibrary">
<msg time="2026-03-17T20:03:25.360946" level="INFO">Opening url 'http://localhost:3001/createTrip'</msg>
<arg>${URL}/createTrip</arg>
<doc>Navigates the current browser window to the provided ``url``.</doc>
<status status="PASS" start="2026-03-17T20:03:25.360630" elapsed="0.843844"/>
</kw>
<kw name="Sleep" owner="BuiltIn">
<msg time="2026-03-17T20:03:31.206159" level="INFO">Slept 5 seconds.</msg>
<arg>5s</arg>
<doc>Pauses the test executed for the given time.</doc>
<status status="PASS" start="2026-03-17T20:03:26.204740" elapsed="5.001583"/>
</kw>
<kw name="Wait Until Page Contains" owner="SeleniumLibrary">
<arg>สร้างการเดินทางของคุณ</arg>
<arg>${TIMEOUT}</arg>
<doc>Waits until ``text`` appears on the current page.</doc>
<status status="PASS" start="2026-03-17T20:03:31.206579" elapsed="0.014258"/>
</kw>
<kw name="Wait Until Page Contains Element" owner="SeleniumLibrary">
<arg>id=startPoint</arg>
<arg>${TIMEOUT}</arg>
<doc>Waits until the element ``locator`` appears on the current page.</doc>
<status status="PASS" start="2026-03-17T20:03:31.221051" elapsed="0.009416"/>
</kw>
<kw name="Clear Element Text" owner="SeleniumLibrary">
<arg>id=startPoint</arg>
<doc>Clears the value of the text-input-element identified by ``locator``.</doc>
<status status="PASS" start="2026-03-17T20:03:31.230667" elapsed="0.029046"/>
</kw>
<kw name="Input Text" owner="SeleniumLibrary">
<msg time="2026-03-17T20:03:31.260196" level="INFO">Typing text 'ขอนแก่น' into text field 'id=startPoint'.</msg>
<arg>id=startPoint</arg>
<arg>${START_LOC}</arg>
<doc>Types the given ``text`` into the text field identified by ``locator``.</doc>
<status status="PASS" start="2026-03-17T20:03:31.259916" elapsed="0.087335"/>
</kw>
<kw name="Sleep" owner="BuiltIn">
<msg time="2026-03-17T20:03:33.348036" level="INFO">Slept 2 seconds.</msg>
<arg>2s</arg>
<doc>Pauses the test executed for the given time.</doc>
<status status="PASS" start="2026-03-17T20:03:31.347502" elapsed="2.000692"/>
</kw>
<kw name="Run Keyword And Return Status" owner="BuiltIn">
<kw name="Wait Until Page Contains Element" owner="SeleniumLibrary">
<arg>xpath=//div[contains(@class,'pac-container')]//div[contains(@class,'pac-item')]</arg>
<arg>5s</arg>
<doc>Waits until the element ``locator`` appears on the current page.</doc>
<status status="PASS" start="2026-03-17T20:03:33.348938" elapsed="0.010760"/>
</kw>
<msg time="2026-03-17T20:03:33.359903" level="INFO">${has_pac} = True</msg>
<var>${has_pac}</var>
<arg>Wait Until Page Contains Element</arg>
<arg>xpath=//div[contains(@class,'pac-container')]//div[contains(@class,'pac-item')]</arg>
<arg>5s</arg>
<doc>Runs the specified keyword and returns the status as a Boolean value.</doc>
<status status="PASS" start="2026-03-17T20:03:33.348446" elapsed="0.011495"/>
</kw>
<kw name="Run Keyword If" owner="BuiltIn">
<kw name="Click Element" owner="SeleniumLibrary">
<msg time="2026-03-17T20:03:33.360697" level="INFO">Clicking element 'xpath=(//div[contains(@class,'pac-container')]//div[contains(@class,'pac-item')])[1]'.</msg>
<arg>xpath=(//div[contains(@class,'pac-container')]//div[contains(@class,'pac-item')])[1]</arg>
<doc>Click the element identified by ``locator``.</doc>
<status status="PASS" start="2026-03-17T20:03:33.360523" elapsed="0.059848"/>
</kw>
<arg>${has_pac}</arg>
<arg>Click Element</arg>
<arg>xpath=(//div[contains(@class,'pac-container')]//div[contains(@class,'pac-item')])[1]</arg>
<doc>Runs the given keyword with the given arguments, if ``condition`` is true.</doc>
<status status="PASS" start="2026-03-17T20:03:33.360117" elapsed="0.060554"/>
</kw>
<kw name="Sleep" owner="BuiltIn">
<msg time="2026-03-17T20:03:34.422353" level="INFO">Slept 1 second.</msg>
<arg>1s</arg>
<doc>Pauses the test executed for the given time.</doc>
<status status="PASS" start="2026-03-17T20:03:33.421056" elapsed="1.001544"/>
</kw>
<kw name="Wait Until Page Contains Element" owner="SeleniumLibrary">
<arg>id=endPoint</arg>
<arg>${TIMEOUT}</arg>
<doc>Waits until the element ``locator`` appears on the current page.</doc>
<status status="PASS" start="2026-03-17T20:03:34.422942" elapsed="0.011185"/>
</kw>
<kw name="Clear Element Text" owner="SeleniumLibrary">
<arg>id=endPoint</arg>
<doc>Clears the value of the text-input-element identified by ``locator``.</doc>
<status status="PASS" start="2026-03-17T20:03:34.434331" elapsed="0.025338"/>
</kw>
<kw name="Input Text" owner="SeleniumLibrary">
<msg time="2026-03-17T20:03:34.460142" level="INFO">Typing text 'สุรินทร์' into text field 'id=endPoint'.</msg>
<arg>id=endPoint</arg>
<arg>${END_LOC}</arg>
<doc>Types the given ``text`` into the text field identified by ``locator``.</doc>
<status status="PASS" start="2026-03-17T20:03:34.459872" elapsed="0.088532"/>
</kw>
<kw name="Sleep" owner="BuiltIn">
<msg time="2026-03-17T20:03:36.549503" level="INFO">Slept 2 seconds.</msg>
<arg>2s</arg>
<doc>Pauses the test executed for the given time.</doc>
<status status="PASS" start="2026-03-17T20:03:34.548627" elapsed="2.001033"/>
</kw>
<kw name="Run Keyword And Return Status" owner="BuiltIn">
<kw name="Wait Until Page Contains Element" owner="SeleniumLibrary">
<arg>xpath=//div[contains(@class,'pac-container')]//div[contains(@class,'pac-item')]</arg>
<arg>5s</arg>
<doc>Waits until the element ``locator`` appears on the current page.</doc>
<status status="PASS" start="2026-03-17T20:03:36.550604" elapsed="0.007912"/>
</kw>
<msg time="2026-03-17T20:03:36.558690" level="INFO">${has_pac2} = True</msg>
<var>${has_pac2}</var>
<arg>Wait Until Page Contains Element</arg>
<arg>xpath=//div[contains(@class,'pac-container')]//div[contains(@class,'pac-item')]</arg>
<arg>5s</arg>
<doc>Runs the specified keyword and returns the status as a Boolean value.</doc>
<status status="PASS" start="2026-03-17T20:03:36.550004" elapsed="0.008720"/>
</kw>
<kw name="Run Keyword If" owner="BuiltIn">
<kw name="Click Element" owner="SeleniumLibrary">
<msg time="2026-03-17T20:03:36.559456" level="INFO">Clicking element 'xpath=(//div[contains(@class,'pac-container')]//div[contains(@class,'pac-item')])[1]'.</msg>
<arg>xpath=(//div[contains(@class,'pac-container')]//div[contains(@class,'pac-item')])[1]</arg>
<doc>Click the element identified by ``locator``.</doc>
<status status="PASS" start="2026-03-17T20:03:36.559285" elapsed="0.056543"/>
</kw>
<arg>${has_pac2}</arg>
<arg>Click Element</arg>
<arg>xpath=(//div[contains(@class,'pac-container')]//div[contains(@class,'pac-item')])[1]</arg>
<doc>Runs the given keyword with the given arguments, if ``condition`` is true.</doc>
<status status="PASS" start="2026-03-17T20:03:36.558891" elapsed="0.057201"/>
</kw>
<kw name="Sleep" owner="BuiltIn">
<msg time="2026-03-17T20:03:37.617183" level="INFO">Slept 1 second.</msg>
<arg>1s</arg>
<doc>Pauses the test executed for the given time.</doc>
<status status="PASS" start="2026-03-17T20:03:36.616419" elapsed="1.000932"/>
</kw>
<kw name="Evaluate" owner="BuiltIn">
<msg time="2026-03-17T20:03:37.618285" level="INFO">${tomorrow} = 2026-03-18</msg>
<var>${tomorrow}</var>
<arg>(datetime.date.today() + datetime.timedelta(days=1)).strftime('%Y-%m-%d')</arg>
<arg>modules=datetime</arg>
<doc>Evaluates the given expression in Python and returns the result.</doc>
<status status="PASS" start="2026-03-17T20:03:37.617584" elapsed="0.000745"/>
</kw>
<kw name="Execute Javascript" owner="SeleniumLibrary">
<msg time="2026-03-17T20:03:37.621108" level="INFO">Executing JavaScript:
var input = document.getElementById('travelDate');var nativeSetter = Object.getOwnPropertyDescriptor(HTMLInputElement.prototype, 'value').set;nativeSetter.call(input, '2026-03-18');input.dispatchEvent(new Event('input', { bubbles: true }));input.dispatchEvent(new Event('change', { bubbles: true }));
Without any arguments.</msg>
<arg>var input = document.getElementById('travelDate');</arg>
<arg>var nativeSetter = Object.getOwnPropertyDescriptor(HTMLInputElement.prototype, 'value').set;</arg>
<arg>nativeSetter.call(input, '${tomorrow}');</arg>
<arg>input.dispatchEvent(new Event('input', { bubbles: true }));</arg>
<arg>input.dispatchEvent(new Event('change', { bubbles: true }));</arg>
<doc>Executes the given JavaScript code with possible arguments.</doc>
<status status="PASS" start="2026-03-17T20:03:37.618494" elapsed="0.009601"/>
</kw>
<kw name="Sleep" owner="BuiltIn">
<msg time="2026-03-17T20:03:38.628988" level="INFO">Slept 1 second.</msg>
<arg>1s</arg>
<doc>Pauses the test executed for the given time.</doc>
<status status="PASS" start="2026-03-17T20:03:37.628387" elapsed="1.000756"/>
</kw>
<kw name="Execute Javascript" owner="SeleniumLibrary">
<msg time="2026-03-17T20:03:38.630023" level="INFO">Executing JavaScript:
var input = document.getElementById('travelTime');var nativeSetter = Object.getOwnPropertyDescriptor(HTMLInputElement.prototype, 'value').set;nativeSetter.call(input, '09:00');input.dispatchEvent(new Event('input', { bubbles: true }));input.dispatchEvent(new Event('change', { bubbles: true }));
Without any arguments.</msg>
<arg>var input = document.getElementById('travelTime');</arg>
<arg>var nativeSetter = Object.getOwnPropertyDescriptor(HTMLInputElement.prototype, 'value').set;</arg>
<arg>nativeSetter.call(input, '${TRIP_TIME}');</arg>
<arg>input.dispatchEvent(new Event('input', { bubbles: true }));</arg>
<arg>input.dispatchEvent(new Event('change', { bubbles: true }));</arg>
<doc>Executes the given JavaScript code with possible arguments.</doc>
<status status="PASS" start="2026-03-17T20:03:38.629383" elapsed="0.008399"/>
</kw>
<kw name="Sleep" owner="BuiltIn">
<msg time="2026-03-17T20:03:39.639092" level="INFO">Slept 1 second.</msg>
<arg>1s</arg>
<doc>Pauses the test executed for the given time.</doc>
<status status="PASS" start="2026-03-17T20:03:38.638097" elapsed="1.001150"/>
</kw>
<kw name="Wait Until Page Contains Element" owner="SeleniumLibrary">
<arg>id=seatCount</arg>
<arg>${TIMEOUT}</arg>
<doc>Waits until the element ``locator`` appears on the current page.</doc>
<status status="PASS" start="2026-03-17T20:03:39.639484" elapsed="0.010883"/>
</kw>
<kw name="Clear Element Text" owner="SeleniumLibrary">
<arg>id=seatCount</arg>
<doc>Clears the value of the text-input-element identified by ``locator``.</doc>
<status status="PASS" start="2026-03-17T20:03:39.650570" elapsed="0.028274"/>
</kw>
<kw name="Input Text" owner="SeleniumLibrary">
<msg time="2026-03-17T20:03:39.679824" level="INFO">Typing text '4' into text field 'id=seatCount'.</msg>
<arg>id=seatCount</arg>
<arg>${SEATS}</arg>
<doc>Types the given ``text`` into the text field identified by ``locator``.</doc>
<status status="PASS" start="2026-03-17T20:03:39.679198" elapsed="0.065730"/>
</kw>
<kw name="Sleep" owner="BuiltIn">
<msg time="2026-03-17T20:03:40.746008" level="INFO">Slept 1 second.</msg>
<arg>1s</arg>
<doc>Pauses the test executed for the given time.</doc>
<status status="PASS" start="2026-03-17T20:03:39.745208" elapsed="1.001034"/>
</kw>
<kw name="Wait Until Page Contains Element" owner="SeleniumLibrary">
<arg>id=pricePerSeat</arg>
<arg>${TIMEOUT}</arg>
<doc>Waits until the element ``locator`` appears on the current page.</doc>
<status status="PASS" start="2026-03-17T20:03:40.746570" elapsed="0.041874"/>
</kw>
<kw name="Clear Element Text" owner="SeleniumLibrary">
<arg>id=pricePerSeat</arg>
<doc>Clears the value of the text-input-element identified by ``locator``.</doc>
<status status="PASS" start="2026-03-17T20:03:40.788790" elapsed="0.052574"/>
</kw>
<kw name="Input Text" owner="SeleniumLibrary">
<msg time="2026-03-17T20:03:40.842396" level="INFO">Typing text '120' into text field 'id=pricePerSeat'.</msg>
<arg>id=pricePerSeat</arg>
<arg>${PRICE}</arg>
<doc>Types the given ``text`` into the text field identified by ``locator``.</doc>
<status status="PASS" start="2026-03-17T20:03:40.841831" elapsed="0.086697"/>
</kw>
<kw name="Sleep" owner="BuiltIn">
<msg time="2026-03-17T20:03:41.929365" level="INFO">Slept 1 second.</msg>
<arg>1s</arg>
<doc>Pauses the test executed for the given time.</doc>
<status status="PASS" start="2026-03-17T20:03:40.928825" elapsed="1.000693"/>
</kw>
<kw name="Run Keyword And Return Status" owner="BuiltIn">
<kw name="Page Should Contain Element" owner="SeleniumLibrary">
<msg time="2026-03-17T20:03:41.940790" level="INFO">Current page contains element 'id=vehicle'.</msg>
<arg>id=vehicle</arg>
<doc>Verifies that element ``locator`` is found on the current page.</doc>
<status status="PASS" start="2026-03-17T20:03:41.930257" elapsed="0.010640"/>
</kw>
<msg time="2026-03-17T20:03:41.941103" level="INFO">${has_vehicle} = True</msg>
<var>${has_vehicle}</var>
<arg>Page Should Contain Element</arg>
<arg>id=vehicle</arg>
<doc>Runs the specified keyword and returns the status as a Boolean value.</doc>
<status status="PASS" start="2026-03-17T20:03:41.929769" elapsed="0.011373"/>
</kw>
<kw name="Run Keyword If" owner="BuiltIn">
<kw name="Select From List By Index" owner="SeleniumLibrary">
<msg time="2026-03-17T20:03:41.942078" level="INFO">Selecting options from selection list 'id=vehicle' by index 1.</msg>
<arg>id=vehicle</arg>
<arg>1</arg>
<doc>Selects options from selection list ``locator`` by ``indexes``.</doc>
<status status="PASS" start="2026-03-17T20:03:41.941883" elapsed="0.058585"/>
</kw>
<arg>${has_vehicle}</arg>
<arg>Select From List By Index</arg>
<arg>id=vehicle</arg>
<arg>1</arg>
<doc>Runs the given keyword with the given arguments, if ``condition`` is true.</doc>
<status status="PASS" start="2026-03-17T20:03:41.941375" elapsed="0.059232"/>
</kw>
<kw name="Execute Javascript" owner="SeleniumLibrary">
<msg time="2026-03-17T20:03:42.001351" level="INFO">Executing JavaScript:
window.scrollTo(0, document.body.scrollHeight);
Without any arguments.</msg>
<arg>window.scrollTo(0, document.body.scrollHeight);</arg>
<doc>Executes the given JavaScript code with possible arguments.</doc>
<status status="PASS" start="2026-03-17T20:03:42.000827" elapsed="0.006354"/>
</kw>
<kw name="Sleep" owner="BuiltIn">
<msg time="2026-03-17T20:03:43.008179" level="INFO">Slept 1 second.</msg>
<arg>1s</arg>
<doc>Pauses the test executed for the given time.</doc>
<status status="PASS" start="2026-03-17T20:03:42.007384" elapsed="1.000924"/>
</kw>
<kw name="Wait Until Page Contains Element" owner="SeleniumLibrary">
<arg>xpath=//button[@type='submit' and contains(text(),'สร้างการเดินทาง')]</arg>
<arg>${TIMEOUT}</arg>
<doc>Waits until the element ``locator`` appears on the current page.</doc>
<status status="PASS" start="2026-03-17T20:03:43.008505" elapsed="0.010977"/>
</kw>
<kw name="Click Element" owner="SeleniumLibrary">
<msg time="2026-03-17T20:03:43.019907" level="INFO">Clicking element 'xpath=//button[@type='submit' and contains(text(),'สร้างการเดินทาง')]'.</msg>
<arg>xpath=//button[@type='submit' and contains(text(),'สร้างการเดินทาง')]</arg>
<doc>Click the element identified by ``locator``.</doc>
<status status="PASS" start="2026-03-17T20:03:43.019685" elapsed="0.057555"/>
</kw>
<kw name="Sleep" owner="BuiltIn">
<msg time="2026-03-17T20:03:46.079082" level="INFO">Slept 3 seconds.</msg>
<arg>3s</arg>
<doc>Pauses the test executed for the given time.</doc>
<status status="PASS" start="2026-03-17T20:03:43.077849" elapsed="3.001395"/>
</kw>
<doc>Driver navigates to /createTrip and creates a new route</doc>
<status status="PASS" start="2026-03-17T20:03:25.360269" elapsed="20.719119"/>
</kw>
<kw name="Logout">
<kw name="Delete All Cookies" owner="SeleniumLibrary">
<doc>Deletes all cookies.</doc>
<status status="PASS" start="2026-03-17T20:03:46.080010" elapsed="0.019914"/>
</kw>
<kw name="Go To" owner="SeleniumLibrary">
<msg time="2026-03-17T20:03:46.100384" level="INFO">Opening url 'http://localhost:3001/login'</msg>
<arg>${URL}/login</arg>
<doc>Navigates the current browser window to the provided ``url``.</doc>
<status status="PASS" start="2026-03-17T20:03:46.100143" elapsed="0.261361"/>
</kw>
<kw name="Wait Until Page Contains Element" owner="SeleniumLibrary">
<arg>id=identifier</arg>
<arg>${TIMEOUT}</arg>
<doc>Waits until the element ``locator`` appears on the current page.</doc>
<status status="PASS" start="2026-03-17T20:03:46.361815" elapsed="0.039330"/>
</kw>
<kw name="Sleep" owner="BuiltIn">
<msg time="2026-03-17T20:03:47.402383" level="INFO">Slept 1 second.</msg>
<arg>1s</arg>
<doc>Pauses the test executed for the given time.</doc>
<status status="PASS" start="2026-03-17T20:03:46.401501" elapsed="1.001062"/>
</kw>
<status status="PASS" start="2026-03-17T20:03:46.079647" elapsed="1.323062"/>
</kw>
<kw name="Passenger Login">
<kw name="Login As">
<kw name="Go To" owner="SeleniumLibrary">
<msg time="2026-03-17T20:03:47.403901" level="INFO">Opening url 'http://localhost:3001/login'</msg>
<arg>${URL}/login</arg>
<doc>Navigates the current browser window to the provided ``url``.</doc>
<status status="PASS" start="2026-03-17T20:03:47.403733" elapsed="0.213866"/>
</kw>
<kw name="Wait Until Page Contains Element" owner="SeleniumLibrary">
<arg>id=identifier</arg>
<arg>${TIMEOUT}</arg>
<doc>Waits until the element ``locator`` appears on the current page.</doc>
<status status="PASS" start="2026-03-17T20:03:47.617950" elapsed="0.062517"/>
</kw>
<kw name="Clear Element Text" owner="SeleniumLibrary">
<arg>id=identifier</arg>
<doc>Clears the value of the text-input-element identified by ``locator``.</doc>
<status status="PASS" start="2026-03-17T20:03:47.680695" elapsed="0.041712"/>
</kw>
<kw name="Input Text" owner="SeleniumLibrary">
<msg time="2026-03-17T20:03:47.723008" level="INFO">Typing text 'passenger1@test.com' into text field 'id=identifier'.</msg>
<arg>id=identifier</arg>
<arg>${email}</arg>
<doc>Types the given ``text`` into the text field identified by ``locator``.</doc>
<status status="PASS" start="2026-03-17T20:03:47.722611" elapsed="0.122668"/>
</kw>
<kw name="Clear Element Text" owner="SeleniumLibrary">
<arg>id=password</arg>
<doc>Clears the value of the text-input-element identified by ``locator``.</doc>
<status status="PASS" start="2026-03-17T20:03:47.845734" elapsed="0.064566"/>
</kw>
<kw name="Input Text" owner="SeleniumLibrary">
<msg time="2026-03-17T20:03:47.911025" level="INFO">Typing text 'password123' into text field 'id=password'.</msg>
<arg>id=password</arg>
<arg>${password}</arg>
<doc>Types the given ``text`` into the text field identified by ``locator``.</doc>
<status status="PASS" start="2026-03-17T20:03:47.910597" elapsed="0.097600"/>
</kw>
<kw name="Click Button" owner="SeleniumLibrary">
<msg time="2026-03-17T20:03:48.008824" level="INFO">Clicking button 'xpath=//button[@type='submit']'.</msg>
<arg>xpath=//button[@type='submit']</arg>
<doc>Clicks the button identified by ``locator``.</doc>
<status status="PASS" start="2026-03-17T20:03:48.008496" elapsed="0.083873"/>
</kw>
<kw name="Sleep" owner="BuiltIn">
<msg time="2026-03-17T20:03:50.093392" level="INFO">Slept 2 seconds.</msg>
<arg>2s</arg>
<doc>Pauses the test executed for the given time.</doc>
<status status="PASS" start="2026-03-17T20:03:48.092693" elapsed="2.000853"/>
</kw>
<arg>${PASSENGER_EMAIL}</arg>
<arg>${PASSENGER_PASS}</arg>
<status status="PASS" start="2026-03-17T20:03:47.403336" elapsed="2.690352"/>
</kw>
<status status="PASS" start="2026-03-17T20:03:47.402933" elapsed="2.690867"/>
</kw>
<kw name="Passenger Book The Route">
<kw name="Go To" owner="SeleniumLibrary">
<msg time="2026-03-17T20:03:50.094720" level="INFO">Opening url 'http://localhost:3001/findTrip'</msg>
<arg>${URL}/findTrip</arg>
<doc>Navigates the current browser window to the provided ``url``.</doc>
<status status="PASS" start="2026-03-17T20:03:50.094539" elapsed="0.267974"/>
</kw>
<kw name="Sleep" owner="BuiltIn">
<msg time="2026-03-17T20:03:53.363520" level="INFO">Slept 3 seconds.</msg>
<arg>3s</arg>
<doc>Pauses the test executed for the given time.</doc>
<status status="PASS" start="2026-03-17T20:03:50.362863" elapsed="3.000913"/>
</kw>
<kw name="Wait Until Page Contains" owner="SeleniumLibrary">
<arg>ค้นหาการเดินทาง</arg>
<arg>${TIMEOUT}</arg>
<doc>Waits until ``text`` appears on the current page.</doc>
<status status="PASS" start="2026-03-17T20:03:53.364586" elapsed="0.047677"/>
</kw>
<kw name="Wait Until Page Contains Element" owner="SeleniumLibrary">
<arg>xpath=(//div[contains(@class,'route-card')])[1]</arg>
<arg>${TIMEOUT}</arg>
<doc>Waits until the element ``locator`` appears on the current page.</doc>
<status status="PASS" start="2026-03-17T20:03:53.412472" elapsed="0.013738"/>
</kw>
<kw name="Click Element" owner="SeleniumLibrary">
<msg time="2026-03-17T20:03:53.426964" level="INFO">Clicking element 'xpath=(//div[contains(@class,'route-card')])[1]'.</msg>
<arg>xpath=(//div[contains(@class,'route-card')])[1]</arg>
<doc>Click the element identified by ``locator``.</doc>
<status status="PASS" start="2026-03-17T20:03:53.426583" elapsed="0.106982"/>
</kw>
<kw name="Sleep" owner="BuiltIn">
<msg time="2026-03-17T20:03:55.534779" level="INFO">Slept 2 seconds.</msg>
<arg>2s</arg>
<doc>Pauses the test executed for the given time.</doc>
<status status="PASS" start="2026-03-17T20:03:53.533790" elapsed="2.001215"/>
</kw>
<kw name="Wait Until Page Contains Element" owner="SeleniumLibrary">
<arg>xpath=//button[contains(text(),'จองที่นั่ง')]</arg>
<arg>${TIMEOUT}</arg>
<doc>Waits until the element ``locator`` appears on the current page.</doc>
<status status="PASS" start="2026-03-17T20:03:55.535363" elapsed="0.014674"/>
</kw>
<kw name="Click Element" owner="SeleniumLibrary">
<msg time="2026-03-17T20:03:55.550455" level="INFO">Clicking element 'xpath=//button[contains(text(),'จองที่นั่ง')]'.</msg>
<arg>xpath=//button[contains(text(),'จองที่นั่ง')]</arg>
<doc>Click the element identified by ``locator``.</doc>
<status status="PASS" start="2026-03-17T20:03:55.550239" elapsed="0.082287"/>
</kw>
<kw name="Sleep" owner="BuiltIn">
<msg time="2026-03-17T20:03:57.633846" level="INFO">Slept 2 seconds.</msg>
<arg>2s</arg>
<doc>Pauses the test executed for the given time.</doc>
<status status="PASS" start="2026-03-17T20:03:55.632862" elapsed="2.001138"/>
</kw>
<kw name="Wait Until Page Contains" owner="SeleniumLibrary">
<arg>ยืนยันการจอง</arg>
<arg>${TIMEOUT}</arg>
<doc>Waits until ``text`` appears on the current page.</doc>
<status status="PASS" start="2026-03-17T20:03:57.634240" elapsed="0.017170"/>
</kw>
<kw name="Sleep" owner="BuiltIn">
<msg time="2026-03-17T20:03:58.653124" level="INFO">Slept 1 second.</msg>
<arg>1s</arg>
<doc>Pauses the test executed for the given time.</doc>
<status status="PASS" start="2026-03-17T20:03:57.651668" elapsed="1.001697"/>
</kw>
<kw name="Run Keyword And Return Status" owner="BuiltIn">
<kw name="Wait Until Page Contains Element" owner="SeleniumLibrary">
<arg>xpath=//input[@placeholder='พิมพ์ชื่อสถานที่...']</arg>
<arg>5s</arg>
<doc>Waits until the element ``locator`` appears on the current page.</doc>
<status status="PASS" start="2026-03-17T20:03:58.654529" elapsed="0.013879"/>
</kw>
<msg time="2026-03-17T20:03:58.668628" level="INFO">${pickup_visible} = True</msg>
<var>${pickup_visible}</var>
<arg>Wait Until Page Contains Element</arg>
<arg>xpath=//input[@placeholder='พิมพ์ชื่อสถานที่...']</arg>
<arg>5s</arg>
<doc>Runs the specified keyword and returns the status as a Boolean value.</doc>
<status status="PASS" start="2026-03-17T20:03:58.653742" elapsed="0.014932"/>
</kw>
<kw name="Run Keyword If" owner="BuiltIn">
<kw name="Input Text" owner="SeleniumLibrary">
<msg time="2026-03-17T20:03:58.669661" level="INFO">Typing text 'ขอนแก่น' into text field 'xpath=(//input[@placeholder='พิมพ์ชื่อสถานที่...'])[1]'.</msg>
<arg>xpath=(//input[@placeholder='พิมพ์ชื่อสถานที่...'])[1]</arg>
<arg>${START_LOC}</arg>
<doc>Types the given ``text`` into the text field identified by ``locator``.</doc>
<status status="PASS" start="2026-03-17T20:03:58.669439" elapsed="0.092154"/>
</kw>
<arg>${pickup_visible}</arg>
<arg>Input Text</arg>
<arg>xpath=(//input[@placeholder='พิมพ์ชื่อสถานที่...'])[1]</arg>
<arg>${START_LOC}</arg>
<doc>Runs the given keyword with the given arguments, if ``condition`` is true.</doc>
<status status="PASS" start="2026-03-17T20:03:58.668904" elapsed="0.092909"/>
</kw>
<kw name="Sleep" owner="BuiltIn">
<msg time="2026-03-17T20:04:00.763255" level="INFO">Slept 2 seconds.</msg>
<arg>2s</arg>
<doc>Pauses the test executed for the given time.</doc>
<status status="PASS" start="2026-03-17T20:03:58.762159" elapsed="2.001311"/>
</kw>
<kw name="Run Keyword And Return Status" owner="BuiltIn">
<kw name="Wait Until Page Contains Element" owner="SeleniumLibrary">
<arg>xpath=//div[contains(@class,'pac-container')]//div[contains(@class,'pac-item')]</arg>
<arg>3s</arg>
<doc>Waits until the element ``locator`` appears on the current page.</doc>
<status status="PASS" start="2026-03-17T20:04:00.764512" elapsed="0.008866"/>
</kw>
<msg time="2026-03-17T20:04:00.773553" level="INFO">${pickup_pac} = True</msg>
<var>${pickup_pac}</var>
<arg>Wait Until Page Contains Element</arg>
<arg>xpath=//div[contains(@class,'pac-container')]//div[contains(@class,'pac-item')]</arg>
<arg>3s</arg>
<doc>Runs the specified keyword and returns the status as a Boolean value.</doc>
<status status="PASS" start="2026-03-17T20:04:00.763841" elapsed="0.009745"/>
</kw>
<kw name="Run Keyword If" owner="BuiltIn">
<kw name="Click Element" owner="SeleniumLibrary">
<msg time="2026-03-17T20:04:00.774550" level="INFO">Clicking element 'xpath=(//div[contains(@class,'pac-container')]//div[contains(@class,'pac-item')])[1]'.</msg>
<arg>xpath=(//div[contains(@class,'pac-container')]//div[contains(@class,'pac-item')])[1]</arg>
<doc>Click the element identified by ``locator``.</doc>
<status status="PASS" start="2026-03-17T20:04:00.774281" elapsed="0.056059"/>
</kw>
<arg>${pickup_pac}</arg>
<arg>Click Element</arg>
<arg>xpath=(//div[contains(@class,'pac-container')]//div[contains(@class,'pac-item')])[1]</arg>
<doc>Runs the given keyword with the given arguments, if ``condition`` is true.</doc>
<status status="PASS" start="2026-03-17T20:04:00.773757" elapsed="0.056772"/>
</kw>
<kw name="Sleep" owner="BuiltIn">
<msg time="2026-03-17T20:04:01.832128" level="INFO">Slept 1 second.</msg>
<arg>1s</arg>
<doc>Pauses the test executed for the given time.</doc>
<status status="PASS" start="2026-03-17T20:04:00.830817" elapsed="1.001472"/>
</kw>
<kw name="Run Keyword If" owner="BuiltIn">
<kw name="Input Text" owner="SeleniumLibrary">
<msg time="2026-03-17T20:04:01.833397" level="INFO">Typing text 'สุรินทร์' into text field 'xpath=(//input[@placeholder='พิมพ์ชื่อสถานที่...'])[2]'.</msg>
<arg>xpath=(//input[@placeholder='พิมพ์ชื่อสถานที่...'])[2]</arg>
<arg>${END_LOC}</arg>
<doc>Types the given ``text`` into the text field identified by ``locator``.</doc>
<status status="PASS" start="2026-03-17T20:04:01.833121" elapsed="0.088365"/>
</kw>
<arg>${pickup_visible}</arg>
<arg>Input Text</arg>
<arg>xpath=(//input[@placeholder='พิมพ์ชื่อสถานที่...'])[2]</arg>
<arg>${END_LOC}</arg>
<doc>Runs the given keyword with the given arguments, if ``condition`` is true.</doc>
<status status="PASS" start="2026-03-17T20:04:01.832543" elapsed="0.089088"/>
</kw>
<kw name="Sleep" owner="BuiltIn">
<msg time="2026-03-17T20:04:03.922704" level="INFO">Slept 2 seconds.</msg>
<arg>2s</arg>
<doc>Pauses the test executed for the given time.</doc>
<status status="PASS" start="2026-03-17T20:04:01.921882" elapsed="2.001008"/>
</kw>
<kw name="Run Keyword And Return Status" owner="BuiltIn">
<kw name="Wait Until Page Contains Element" owner="SeleniumLibrary">
<arg>xpath=//div[contains(@class,'pac-container')]//div[contains(@class,'pac-item')]</arg>
<arg>3s</arg>
<doc>Waits until the element ``locator`` appears on the current page.</doc>
<status status="PASS" start="2026-03-17T20:04:03.923835" elapsed="0.010309"/>
</kw>
<msg time="2026-03-17T20:04:03.934400" level="INFO">${dropoff_pac} = True</msg>
<var>${dropoff_pac}</var>
<arg>Wait Until Page Contains Element</arg>
<arg>xpath=//div[contains(@class,'pac-container')]//div[contains(@class,'pac-item')]</arg>
<arg>3s</arg>
<doc>Runs the specified keyword and returns the status as a Boolean value.</doc>
<status status="PASS" start="2026-03-17T20:04:03.923209" elapsed="0.011237"/>
</kw>
<kw name="Run Keyword If" owner="BuiltIn">
<kw name="Click Element" owner="SeleniumLibrary">
<msg time="2026-03-17T20:04:03.935568" level="INFO">Clicking element 'xpath=(//div[contains(@class,'pac-container')]//div[contains(@class,'pac-item')])[1]'.</msg>
<arg>xpath=(//div[contains(@class,'pac-container')]//div[contains(@class,'pac-item')])[1]</arg>
<doc>Click the element identified by ``locator``.</doc>
<status status="PASS" start="2026-03-17T20:04:03.935304" elapsed="0.076850"/>
</kw>
<arg>${dropoff_pac}</arg>
<arg>Click Element</arg>
<arg>xpath=(//div[contains(@class,'pac-container')]//div[contains(@class,'pac-item')])[1]</arg>
<doc>Runs the given keyword with the given arguments, if ``condition`` is true.</doc>
<status status="PASS" start="2026-03-17T20:04:03.934689" elapsed="0.077616"/>
</kw>
<kw name="Sleep" owner="BuiltIn">
<msg time="2026-03-17T20:04:05.013622" level="INFO">Slept 1 second.</msg>
<arg>1s</arg>
<doc>Pauses the test executed for the given time.</doc>
<status status="PASS" start="2026-03-17T20:04:04.012521" elapsed="1.001386"/>
</kw>
<kw name="Wait Until Page Contains Element" owner="SeleniumLibrary">
<arg>xpath=//button[contains(text(),'ยืนยันการจอง')]</arg>
<arg>${TIMEOUT}</arg>
<doc>Waits until the element ``locator`` appears on the current page.</doc>
<status status="PASS" start="2026-03-17T20:04:05.014228" elapsed="0.015047"/>
</kw>
<kw name="Click Element" owner="SeleniumLibrary">
<msg time="2026-03-17T20:04:05.029876" level="INFO">Clicking element 'xpath=//button[contains(text(),'ยืนยันการจอง')]'.</msg>
<arg>xpath=//button[contains(text(),'ยืนยันการจอง')]</arg>
<doc>Click the element identified by ``locator``.</doc>
<status status="PASS" start="2026-03-17T20:04:05.029564" elapsed="0.079261"/>
</kw>
<kw name="Sleep" owner="BuiltIn">
<msg time="2026-03-17T20:04:08.110040" level="INFO">Slept 3 seconds.</msg>
<arg>3s</arg>
<doc>Pauses the test executed for the given time.</doc>
<status status="PASS" start="2026-03-17T20:04:05.109203" elapsed="3.000992"/>
</kw>
<doc>Passenger navigates to /findTrip and books the driver's route</doc>
<status status="PASS" start="2026-03-17T20:03:50.094185" elapsed="18.016151"/>
</kw>
<kw name="Logout">
<kw name="Delete All Cookies" owner="SeleniumLibrary">
<doc>Deletes all cookies.</doc>
<status status="PASS" start="2026-03-17T20:04:08.110958" elapsed="0.021613"/>
</kw>
<kw name="Go To" owner="SeleniumLibrary">
<msg time="2026-03-17T20:04:08.133283" level="INFO">Opening url 'http://localhost:3001/login'</msg>
<arg>${URL}/login</arg>
<doc>Navigates the current browser window to the provided ``url``.</doc>
<status status="PASS" start="2026-03-17T20:04:08.132946" elapsed="0.256291"/>
</kw>
<kw name="Wait Until Page Contains Element" owner="SeleniumLibrary">
<arg>id=identifier</arg>
<arg>${TIMEOUT}</arg>
<doc>Waits until the element ``locator`` appears on the current page.</doc>
<status status="PASS" start="2026-03-17T20:04:08.389569" elapsed="0.040370"/>
</kw>
<kw name="Sleep" owner="BuiltIn">
<msg time="2026-03-17T20:04:09.431225" level="INFO">Slept 1 second.</msg>
<arg>1s</arg>
<doc>Pauses the test executed for the given time.</doc>
<status status="PASS" start="2026-03-17T20:04:08.430170" elapsed="1.001333"/>
</kw>
<status status="PASS" start="2026-03-17T20:04:08.110593" elapsed="1.321105"/>
</kw>
<kw name="Driver Login">
<kw name="Login As">
<kw name="Go To" owner="SeleniumLibrary">
<msg time="2026-03-17T20:04:09.433125" level="INFO">Opening url 'http://localhost:3001/login'</msg>
<arg>${URL}/login</arg>
<doc>Navigates the current browser window to the provided ``url``.</doc>
<status status="PASS" start="2026-03-17T20:04:09.432949" elapsed="0.209503"/>
</kw>
<kw name="Wait Until Page Contains Element" owner="SeleniumLibrary">
<arg>id=identifier</arg>
<arg>${TIMEOUT}</arg>
<doc>Waits until the element ``locator`` appears on the current page.</doc>
<status status="PASS" start="2026-03-17T20:04:09.642773" elapsed="0.053116"/>
</kw>
<kw name="Clear Element Text" owner="SeleniumLibrary">
<arg>id=identifier</arg>
<doc>Clears the value of the text-input-element identified by ``locator``.</doc>
<status status="PASS" start="2026-03-17T20:04:09.696137" elapsed="0.040124"/>
</kw>
<kw name="Input Text" owner="SeleniumLibrary">
<msg time="2026-03-17T20:04:09.736943" level="INFO">Typing text 'driver@test.com' into text field 'id=identifier'.</msg>
<arg>id=identifier</arg>
<arg>${email}</arg>
<doc>Types the given ``text`` into the text field identified by ``locator``.</doc>
<status status="PASS" start="2026-03-17T20:04:09.736569" elapsed="0.110184"/>
</kw>
<kw name="Clear Element Text" owner="SeleniumLibrary">
<arg>id=password</arg>
<doc>Clears the value of the text-input-element identified by ``locator``.</doc>
<status status="PASS" start="2026-03-17T20:04:09.847058" elapsed="0.039777"/>
</kw>
<kw name="Input Text" owner="SeleniumLibrary">
<msg time="2026-03-17T20:04:09.887383" level="INFO">Typing text 'password123' into text field 'id=password'.</msg>
<arg>id=password</arg>
<arg>${password}</arg>
<doc>Types the given ``text`` into the text field identified by ``locator``.</doc>
<status status="PASS" start="2026-03-17T20:04:09.887058" elapsed="0.089624"/>
</kw>
<kw name="Click Button" owner="SeleniumLibrary">
<msg time="2026-03-17T20:04:09.977510" level="INFO">Clicking button 'xpath=//button[@type='submit']'.</msg>
<arg>xpath=//button[@type='submit']</arg>
<doc>Clicks the button identified by ``locator``.</doc>
<status status="PASS" start="2026-03-17T20:04:09.976957" elapsed="0.082686"/>
</kw>
<kw name="Sleep" owner="BuiltIn">
<msg time="2026-03-17T20:04:12.061062" level="INFO">Slept 2 seconds.</msg>
<arg>2s</arg>
<doc>Pauses the test executed for the given time.</doc>
<status status="PASS" start="2026-03-17T20:04:10.059995" elapsed="2.001277"/>
</kw>
<arg>${DRIVER_EMAIL}</arg>
<arg>${DRIVER_PASS}</arg>
<status status="PASS" start="2026-03-17T20:04:09.432552" elapsed="2.628950"/>
</kw>
<status status="PASS" start="2026-03-17T20:04:09.432011" elapsed="2.629649"/>
</kw>
<kw name="Driver Confirm Passenger Booking">
<kw name="Go To" owner="SeleniumLibrary">
<msg time="2026-03-17T20:04:12.062936" level="INFO">Opening url 'http://localhost:3001/current-trip'</msg>
<arg>${URL}/current-trip</arg>
<doc>Navigates the current browser window to the provided ``url``.</doc>
<status status="PASS" start="2026-03-17T20:04:12.062623" elapsed="0.260656"/>
</kw>
<kw name="Sleep" owner="BuiltIn">
<msg time="2026-03-17T20:04:15.324202" level="INFO">Slept 3 seconds.</msg>
<arg>3s</arg>
<doc>Pauses the test executed for the given time.</doc>
<status status="PASS" start="2026-03-17T20:04:12.323494" elapsed="3.000882"/>
</kw>
<kw name="Wait Until Page Contains" owner="SeleniumLibrary">
<arg>การเดินทางปัจจุบัน</arg>
<arg>${TIMEOUT}</arg>
<doc>Waits until ``text`` appears on the current page.</doc>
<status status="PASS" start="2026-03-17T20:04:15.324614" elapsed="0.016873"/>
</kw>
<kw name="Wait Until Page Contains" owner="SeleniumLibrary">
<arg>คำขอใหม่</arg>
<arg>${TIMEOUT}</arg>
<doc>Waits until ``text`` appears on the current page.</doc>
<status status="PASS" start="2026-03-17T20:04:15.341731" elapsed="0.014111"/>
</kw>
<kw name="Wait Until Page Contains Element" owner="SeleniumLibrary">
<arg>xpath=//button[contains(text(),'รับ')]</arg>
<arg>${TIMEOUT}</arg>
<doc>Waits until the element ``locator`` appears on the current page.</doc>
<status status="PASS" start="2026-03-17T20:04:15.356047" elapsed="0.012307"/>
</kw>
<kw name="Click Element" owner="SeleniumLibrary">
<msg time="2026-03-17T20:04:15.368914" level="INFO">Clicking element 'xpath=//button[contains(text(),'รับ')]'.</msg>
<arg>xpath=//button[contains(text(),'รับ')]</arg>
<doc>Click the element identified by ``locator``.</doc>
<status status="PASS" start="2026-03-17T20:04:15.368626" elapsed="0.067813"/>
</kw>
<kw name="Sleep" owner="BuiltIn">
<msg time="2026-03-17T20:04:18.438242" level="INFO">Slept 3 seconds.</msg>
<arg>3s</arg>
<doc>Pauses the test executed for the given time.</doc>
<status status="PASS" start="2026-03-17T20:04:15.436905" elapsed="3.001585"/>
</kw>
<doc>Driver navigates to /current-trip and accepts the pending booking</doc>
<status status="PASS" start="2026-03-17T20:04:12.062079" elapsed="6.376613"/>
</kw>
<kw name="Driver Start Trip And Pickup">
<kw name="Go To" owner="SeleniumLibrary">
<msg time="2026-03-17T20:04:18.439625" level="INFO">Opening url 'http://localhost:3001/current-trip'</msg>
<arg>${URL}/current-trip</arg>
<doc>Navigates the current browser window to the provided ``url``.</doc>
<status status="PASS" start="2026-03-17T20:04:18.439441" elapsed="0.239626"/>
</kw>
<kw name="Sleep" owner="BuiltIn">
<msg time="2026-03-17T20:04:21.680267" level="INFO">Slept 3 seconds.</msg>
<arg>3s</arg>
<doc>Pauses the test executed for the given time.</doc>
<status status="PASS" start="2026-03-17T20:04:18.679420" elapsed="3.001018"/>
</kw>
<kw name="Wait Until Page Contains" owner="SeleniumLibrary">
<arg>การเดินทางปัจจุบัน</arg>
<arg>${TIMEOUT}</arg>
<doc>Waits until ``text`` appears on the current page.</doc>
<status status="PASS" start="2026-03-17T20:04:21.680690" elapsed="0.015101"/>
</kw>
<kw name="Run Keyword And Return Status" owner="BuiltIn">
<kw name="Wait Until Page Contains Element" owner="SeleniumLibrary">
<arg>xpath=//button[contains(text(),'เริ่มต้นการเดินทาง')]</arg>
<arg>5s</arg>
<doc>Waits until the element ``locator`` appears on the current page.</doc>
<status status="PASS" start="2026-03-17T20:04:21.696739" elapsed="0.013084"/>
</kw>
<msg time="2026-03-17T20:04:21.710006" level="INFO">${has_start} = True</msg>
<var>${has_start}</var>
<arg>Wait Until Page Contains Element</arg>
<arg>xpath=//button[contains(text(),'เริ่มต้นการเดินทาง')]</arg>
<arg>5s</arg>
<doc>Runs the specified keyword and returns the status as a Boolean value.</doc>
<status status="PASS" start="2026-03-17T20:04:21.696156" elapsed="0.013884"/>
</kw>
<kw name="Run Keyword If" owner="BuiltIn">
<kw name="Click Element" owner="SeleniumLibrary">
<msg time="2026-03-17T20:04:21.710807" level="INFO">Clicking element 'xpath=//button[contains(text(),'เริ่มต้นการเดินทาง')]'.</msg>
<arg>xpath=//button[contains(text(),'เริ่มต้นการเดินทาง')]</arg>
<doc>Click the element identified by ``locator``.</doc>
<status status="PASS" start="2026-03-17T20:04:21.710633" elapsed="0.065530"/>
</kw>
<arg>${has_start}</arg>
<arg>Click Element</arg>
<arg>xpath=//button[contains(text(),'เริ่มต้นการเดินทาง')]</arg>
<doc>Runs the given keyword with the given arguments, if ``condition`` is true.</doc>
<status status="PASS" start="2026-03-17T20:04:21.710224" elapsed="0.066075"/>
</kw>
<kw name="Sleep" owner="BuiltIn">
<msg time="2026-03-17T20:04:23.777303" level="INFO">Slept 2 seconds.</msg>
<arg>2s</arg>
<doc>Pauses the test executed for the given time.</doc>
<status status="PASS" start="2026-03-17T20:04:21.776482" elapsed="2.000982"/>
</kw>
<kw name="Run Keyword And Return Status" owner="BuiltIn">
<kw name="Wait Until Page Contains Element" owner="SeleniumLibrary">
<arg>xpath=//button[contains(text(),'ยืนยัน')]</arg>
<arg>3s</arg>
<doc>Waits until the element ``locator`` appears on the current page.</doc>
<status status="PASS" start="2026-03-17T20:04:23.778135" elapsed="0.011399"/>
</kw>
<msg time="2026-03-17T20:04:23.789727" level="INFO">${has_confirm_start} = True</msg>
<var>${has_confirm_start}</var>
<arg>Wait Until Page Contains Element</arg>
<arg>xpath=//button[contains(text(),'ยืนยัน')]</arg>
<arg>3s</arg>
<doc>Runs the specified keyword and returns the status as a Boolean value.</doc>
<status status="PASS" start="2026-03-17T20:04:23.777696" elapsed="0.012067"/>
</kw>
<kw name="Run Keyword If" owner="BuiltIn">
<kw name="Click Element" owner="SeleniumLibrary">
<msg time="2026-03-17T20:04:23.790533" level="INFO">Clicking element 'xpath=//button[contains(text(),'ยืนยัน')]'.</msg>
<arg>xpath=//button[contains(text(),'ยืนยัน')]</arg>
<doc>Click the element identified by ``locator``.</doc>
<status status="PASS" start="2026-03-17T20:04:23.790355" elapsed="0.075973"/>
</kw>
<arg>${has_confirm_start}</arg>
<arg>Click Element</arg>
<arg>xpath=//button[contains(text(),'ยืนยัน')]</arg>
<doc>Runs the given keyword with the given arguments, if ``condition`` is true.</doc>
<status status="PASS" start="2026-03-17T20:04:23.789932" elapsed="0.076587"/>
</kw>
<kw name="Sleep" owner="BuiltIn">
<msg time="2026-03-17T20:04:26.867560" level="INFO">Slept 3 seconds.</msg>
<arg>3s</arg>
<doc>Pauses the test executed for the given time.</doc>
<status status="PASS" start="2026-03-17T20:04:23.866744" elapsed="3.000970"/>
</kw>
<kw name="Wait Until Page Contains" owner="SeleniumLibrary">
<arg>รอรับผู้โดยสาร</arg>
<arg>${TIMEOUT}</arg>
<doc>Waits until ``text`` appears on the current page.</doc>
<status status="PASS" start="2026-03-17T20:04:26.867952" elapsed="0.015580"/>
</kw>
<kw name="Wait Until Page Contains Element" owner="SeleniumLibrary">
<arg>xpath=//button[@title='เช็คอิน']</arg>
<arg>${TIMEOUT}</arg>
<doc>Waits until the element ``locator`` appears on the current page.</doc>
<status status="PASS" start="2026-03-17T20:04:26.883750" elapsed="0.009683"/>
</kw>
<kw name="Click Element" owner="SeleniumLibrary">
<msg time="2026-03-17T20:04:26.893859" level="INFO">Clicking element 'xpath=//button[@title='เช็คอิน']'.</msg>
<arg>xpath=//button[@title='เช็คอิน']</arg>
<doc>Click the element identified by ``locator``.</doc>
<status status="PASS" start="2026-03-17T20:04:26.893638" elapsed="0.058290"/>
</kw>
<kw name="Sleep" owner="BuiltIn">
<msg time="2026-03-17T20:04:29.952875" level="INFO">Slept 3 seconds.</msg>
<arg>3s</arg>
<doc>Pauses the test executed for the given time.</doc>
<status status="PASS" start="2026-03-17T20:04:26.952181" elapsed="3.000852"/>
</kw>
<doc>Driver starts the trip from /current-trip page and marks passenger as picked up</doc>
<status status="PASS" start="2026-03-17T20:04:18.439101" elapsed="11.514075"/>
</kw>
<kw name="Logout">
<kw name="Delete All Cookies" owner="SeleniumLibrary">
<doc>Deletes all cookies.</doc>
<status status="PASS" start="2026-03-17T20:04:29.953773" elapsed="0.019124"/>
</kw>
<kw name="Go To" owner="SeleniumLibrary">
<msg time="2026-03-17T20:04:29.973350" level="INFO">Opening url 'http://localhost:3001/login'</msg>
<arg>${URL}/login</arg>
<doc>Navigates the current browser window to the provided ``url``.</doc>
<status status="PASS" start="2026-03-17T20:04:29.973123" elapsed="0.241515"/>
</kw>
<kw name="Wait Until Page Contains Element" owner="SeleniumLibrary">
<arg>id=identifier</arg>
<arg>${TIMEOUT}</arg>
<doc>Waits until the element ``locator`` appears on the current page.</doc>
<status status="PASS" start="2026-03-17T20:04:30.215063" elapsed="0.056874"/>
</kw>
<kw name="Sleep" owner="BuiltIn">
<msg time="2026-03-17T20:04:31.273026" level="INFO">Slept 1 second.</msg>
<arg>1s</arg>
<doc>Pauses the test executed for the given time.</doc>
<status status="PASS" start="2026-03-17T20:04:30.272271" elapsed="1.000912"/>
</kw>
<status status="PASS" start="2026-03-17T20:04:29.953427" elapsed="1.319900"/>
</kw>
<kw name="Passenger Login">
<kw name="Login As">
<kw name="Go To" owner="SeleniumLibrary">
<msg time="2026-03-17T20:04:31.274581" level="INFO">Opening url 'http://localhost:3001/login'</msg>
<arg>${URL}/login</arg>
<doc>Navigates the current browser window to the provided ``url``.</doc>
<status status="PASS" start="2026-03-17T20:04:31.274408" elapsed="0.214457"/>
</kw>
<kw name="Wait Until Page Contains Element" owner="SeleniumLibrary">
<arg>id=identifier</arg>
<arg>${TIMEOUT}</arg>
<doc>Waits until the element ``locator`` appears on the current page.</doc>
<status status="PASS" start="2026-03-17T20:04:31.489139" elapsed="0.066078"/>
</kw>
<kw name="Clear Element Text" owner="SeleniumLibrary">
<arg>id=identifier</arg>
<doc>Clears the value of the text-input-element identified by ``locator``.</doc>
<status status="PASS" start="2026-03-17T20:04:31.555568" elapsed="0.039170"/>
</kw>
<kw name="Input Text" owner="SeleniumLibrary">
<msg time="2026-03-17T20:04:31.595360" level="INFO">Typing text 'passenger1@test.com' into text field 'id=identifier'.</msg>
<arg>id=identifier</arg>
<arg>${email}</arg>
<doc>Types the given ``text`` into the text field identified by ``locator``.</doc>
<status status="PASS" start="2026-03-17T20:04:31.594999" elapsed="0.104830"/>
</kw>
<kw name="Clear Element Text" owner="SeleniumLibrary">
<arg>id=password</arg>
<doc>Clears the value of the text-input-element identified by ``locator``.</doc>
<status status="PASS" start="2026-03-17T20:04:31.700121" elapsed="0.032925"/>
</kw>
<kw name="Input Text" owner="SeleniumLibrary">
<msg time="2026-03-17T20:04:31.733748" level="INFO">Typing text 'password123' into text field 'id=password'.</msg>
<arg>id=password</arg>
<arg>${password}</arg>
<doc>Types the given ``text`` into the text field identified by ``locator``.</doc>
<status status="PASS" start="2026-03-17T20:04:31.733352" elapsed="0.093930"/>
</kw>
<kw name="Click Button" owner="SeleniumLibrary">
<msg time="2026-03-17T20:04:31.827996" level="INFO">Clicking button 'xpath=//button[@type='submit']'.</msg>
<arg>xpath=//button[@type='submit']</arg>
<doc>Clicks the button identified by ``locator``.</doc>
<status status="PASS" start="2026-03-17T20:04:31.827666" elapsed="0.079952"/>
</kw>
<kw name="Sleep" owner="BuiltIn">
<msg time="2026-03-17T20:04:33.908699" level="INFO">Slept 2 seconds.</msg>
<arg>2s</arg>
<doc>Pauses the test executed for the given time.</doc>
<status status="PASS" start="2026-03-17T20:04:31.907887" elapsed="2.000994"/>
</kw>
<arg>${PASSENGER_EMAIL}</arg>
<arg>${PASSENGER_PASS}</arg>
<status status="PASS" start="2026-03-17T20:04:31.274012" elapsed="2.635016"/>
</kw>
<status status="PASS" start="2026-03-17T20:04:31.273607" elapsed="2.635513"/>
</kw>
<kw name="Wait Until Page Contains Element" owner="SeleniumLibrary">
<arg>xpath=//a[contains(text(),'กำลังเดินทาง...')]</arg>
<arg>${TIMEOUT}</arg>
<doc>Waits until the element ``locator`` appears on the current page.</doc>
<status status="PASS" start="2026-03-17T20:04:33.909308" elapsed="0.013481"/>
</kw>
<kw name="Click Element" owner="SeleniumLibrary">
<msg time="2026-03-17T20:04:33.923273" level="INFO">Clicking element 'xpath=//a[contains(text(),'กำลังเดินทาง...')]'.</msg>
<arg>xpath=//a[contains(text(),'กำลังเดินทาง...')]</arg>
<doc>Click the element identified by ``locator``.</doc>
<status status="PASS" start="2026-03-17T20:04:33.923029" elapsed="0.103966"/>
</kw>
<kw name="Sleep" owner="BuiltIn">
<msg time="2026-03-17T20:04:37.028377" level="INFO">Slept 3 seconds.</msg>
<arg>3s</arg>
<doc>Pauses the test executed for the given time.</doc>
<status status="PASS" start="2026-03-17T20:04:34.027282" elapsed="3.001249"/>
</kw>
<kw name="Wait Until Page Contains" owner="SeleniumLibrary">
<arg>การเดินทางปัจจุบัน</arg>
<arg>${TIMEOUT}</arg>
<doc>Waits until ``text`` appears on the current page.</doc>
<status status="PASS" start="2026-03-17T20:04:37.028772" elapsed="0.013639"/>
</kw>
<doc>Setup a new trip, book it, and start it for the passenger to report.</doc>
<status status="PASS" start="2026-03-17T20:03:22.547381" elapsed="74.495163"/>
</kw>
<kw name="Passenger Report Driver">
<kw name="Go To" owner="SeleniumLibrary">
<msg time="2026-03-17T20:04:37.043646" level="INFO">Opening url 'http://localhost:3001/current-trip'</msg>
<arg>${URL}/current-trip</arg>
<doc>Navigates the current browser window to the provided ``url``.</doc>
<status status="PASS" start="2026-03-17T20:04:37.043466" elapsed="0.252963"/>
</kw>
<kw name="Sleep" owner="BuiltIn">
<msg time="2026-03-17T20:04:40.297351" level="INFO">Slept 3 seconds.</msg>
<arg>3s</arg>
<doc>Pauses the test executed for the given time.</doc>
<status status="PASS" start="2026-03-17T20:04:37.296699" elapsed="3.000802"/>
</kw>
<kw name="Wait Until Page Contains" owner="SeleniumLibrary">
<arg>การเดินทางปัจจุบัน</arg>
<arg>${TIMEOUT}</arg>
<doc>Waits until ``text`` appears on the current page.</doc>
<status status="PASS" start="2026-03-17T20:04:40.297738" elapsed="0.012727"/>
</kw>
<kw name="Wait Until Page Contains Element" owner="SeleniumLibrary">
<arg>xpath=//button[contains(.,'รายงานปัญหา')]</arg>
<arg>${TIMEOUT}</arg>
<doc>Waits until the element ``locator`` appears on the current page.</doc>
<status status="PASS" start="2026-03-17T20:04:40.310669" elapsed="0.010349"/>
</kw>
<kw name="Click Element" owner="SeleniumLibrary">
<msg time="2026-03-17T20:04:40.321464" level="INFO">Clicking element 'xpath=//button[contains(.,'รายงานปัญหา')]'.</msg>
<arg>xpath=//button[contains(.,'รายงานปัญหา')]</arg>
<doc>Click the element identified by ``locator``.</doc>
<status status="PASS" start="2026-03-17T20:04:40.321233" elapsed="0.061346"/>
</kw>
<kw name="Sleep" owner="BuiltIn">
<msg time="2026-03-17T20:04:42.383497" level="INFO">Slept 2 seconds.</msg>
<arg>2s</arg>
<doc>Pauses the test executed for the given time.</doc>
<status status="PASS" start="2026-03-17T20:04:40.382821" elapsed="2.000830"/>
</kw>
<kw name="Wait Until Page Contains" owner="SeleniumLibrary">
<arg>รายงานปัญหา</arg>
<arg>${TIMEOUT}</arg>
<doc>Waits until ``text`` appears on the current page.</doc>
<status status="PASS" start="2026-03-17T20:04:42.383888" elapsed="0.019739"/>
</kw>
<kw name="Wait Until Page Contains Element" owner="SeleniumLibrary">
<arg>xpath=//select</arg>
<arg>${TIMEOUT}</arg>
<doc>Waits until the element ``locator`` appears on the current page.</doc>
<status status="PASS" start="2026-03-17T20:04:42.403978" elapsed="0.013699"/>
</kw>
<kw name="Select From List By Value" owner="SeleniumLibrary">
<msg time="2026-03-17T20:04:42.418127" level="INFO">Selecting options from selection list 'xpath=//select' by value SAFETY_ISSUE.</msg>
<arg>xpath=//select</arg>
<arg>SAFETY_ISSUE</arg>
<doc>Selects options from selection list ``locator`` by ``values``.</doc>
<status status="PASS" start="2026-03-17T20:04:42.417887" elapsed="0.082941"/>
</kw>
<kw name="Sleep" owner="BuiltIn">
<msg time="2026-03-17T20:04:43.502001" level="INFO">Slept 1 second.</msg>
<arg>1s</arg>
<doc>Pauses the test executed for the given time.</doc>
<status status="PASS" start="2026-03-17T20:04:42.501087" elapsed="1.001069"/>
</kw>
<kw name="Wait Until Page Contains Element" owner="SeleniumLibrary">
<arg>xpath=//textarea</arg>
<arg>${TIMEOUT}</arg>
<doc>Waits until the element ``locator`` appears on the current page.</doc>
<status status="PASS" start="2026-03-17T20:04:43.502402" elapsed="0.011450"/>
</kw>
<kw name="Input Text" owner="SeleniumLibrary">
<msg time="2026-03-17T20:04:43.514373" level="INFO">Typing text 'คนขับขับรถอันตรายมากครับ (TEXT)' into text field 'xpath=//textarea'.</msg>
<arg>xpath=//textarea</arg>
<arg>คนขับขับรถอันตรายมากครับ (${scenario_type})</arg>
<doc>Types the given ``text`` into the text field identified by ``locator``.</doc>
<status status="PASS" start="2026-03-17T20:04:43.514088" elapsed="0.124524"/>
</kw>
<kw name="Sleep" owner="BuiltIn">
<msg time="2026-03-17T20:04:44.640109" level="INFO">Slept 1 second.</msg>
<arg>1s</arg>
<doc>Pauses the test executed for the given time.</doc>
<status status="PASS" start="2026-03-17T20:04:43.638913" elapsed="1.001351"/>
</kw>
<kw name="Run Keyword If" owner="BuiltIn">
<arg>'IMAGE' in '${scenario_type}'</arg>
<arg>Choose File</arg>
<arg>xpath=//input[@type='file']</arg>
<arg>${IMAGE_FILE}</arg>
<doc>Runs the given keyword with the given arguments, if ``condition`` is true.</doc>
<status status="PASS" start="2026-03-17T20:04:44.640511" elapsed="0.000794"/>
</kw>
<kw name="Sleep" owner="BuiltIn">
<msg time="2026-03-17T20:04:45.642691" level="INFO">Slept 1 second.</msg>
<arg>1s</arg>
<doc>Pauses the test executed for the given time.</doc>
<status status="PASS" start="2026-03-17T20:04:44.641659" elapsed="1.001176"/>
</kw>
<kw name="Run Keyword If" owner="BuiltIn">
<arg>'AUDIO' in '${scenario_type}'</arg>
<arg>Choose File</arg>
<arg>xpath=//input[@type='file']</arg>
<arg>${AUDIO_FILE}</arg>
<doc>Runs the given keyword with the given arguments, if ``condition`` is true.</doc>
<status status="PASS" start="2026-03-17T20:04:45.643055" elapsed="0.000500"/>
</kw>
<kw name="Sleep" owner="BuiltIn">
<msg time="2026-03-17T20:04:46.644421" level="INFO">Slept 1 second.</msg>
<arg>1s</arg>
<doc>Pauses the test executed for the given time.</doc>
<status status="PASS" start="2026-03-17T20:04:45.643685" elapsed="1.000882"/>
</kw>
<kw name="Run Keyword If" owner="BuiltIn">
<arg>'VIDEO' in '${scenario_type}'</arg>
<arg>Choose File</arg>
<arg>xpath=//input[@type='file']</arg>
<arg>${VIDEO_FILE}</arg>
<doc>Runs the given keyword with the given arguments, if ``condition`` is true.</doc>
<status status="PASS" start="2026-03-17T20:04:46.644800" elapsed="0.000506"/>
</kw>
<kw name="Sleep" owner="BuiltIn">
<msg time="2026-03-17T20:04:48.645876" level="INFO">Slept 2 seconds.</msg>
<arg>2s</arg>
<doc>Pauses the test executed for the given time.</doc>
<status status="PASS" start="2026-03-17T20:04:46.645490" elapsed="2.000545"/>
</kw>
<kw name="Wait Until Page Contains Element" owner="SeleniumLibrary">
<arg>xpath=//button[contains(text(),'ส่งรายงาน')]</arg>
<arg>${TIMEOUT}</arg>
<doc>Waits until the element ``locator`` appears on the current page.</doc>
<status status="PASS" start="2026-03-17T20:04:48.646295" elapsed="0.014060"/>
</kw>
<kw name="Click Element" owner="SeleniumLibrary">
<msg time="2026-03-17T20:04:48.660842" level="INFO">Clicking element 'xpath=//button[contains(text(),'ส่งรายงาน')]'.</msg>
<arg>xpath=//button[contains(text(),'ส่งรายงาน')]</arg>
<doc>Click the element identified by ``locator``.</doc>
<status status="PASS" start="2026-03-17T20:04:48.660590" elapsed="0.069369"/>
</kw>
<kw name="Wait Until Page Contains" owner="SeleniumLibrary">
<arg>ส่งรายงานแล้ว</arg>
<arg>${TIMEOUT}</arg>
<doc>Waits until ``text`` appears on the current page.</doc>
<status status="PASS" start="2026-03-17T20:04:48.730373" elapsed="0.085612"/>
</kw>
<kw name="Sleep" owner="BuiltIn">
<msg time="2026-03-17T20:04:50.817194" level="INFO">Slept 2 seconds.</msg>
<arg>2s</arg>
<doc>Pauses the test executed for the given time.</doc>
<status status="PASS" start="2026-03-17T20:04:48.816301" elapsed="2.001046"/>
</kw>
<arg>TEXT</arg>
<doc>Passenger reports the driver during the trip. Types: TEXT, IMAGE, AUDIO, VIDEO</doc>
<status status="PASS" start="2026-03-17T20:04:37.043083" elapsed="13.774406"/>
</kw>
<kw name="Passenger View Report History">
<kw name="Go To" owner="SeleniumLibrary">
<msg time="2026-03-17T20:04:50.818833" level="INFO">Opening url 'http://localhost:3001/profile/reports'</msg>
<arg>${URL_REPORTS}</arg>
<doc>Navigates the current browser window to the provided ``url``.</doc>
<status status="PASS" start="2026-03-17T20:04:50.818615" elapsed="0.261907"/>
</kw>
<kw name="Sleep" owner="BuiltIn">
<msg time="2026-03-17T20:04:54.082617" level="INFO">Slept 3 seconds.</msg>
<arg>3s</arg>
<doc>Pauses the test executed for the given time.</doc>
<status status="PASS" start="2026-03-17T20:04:51.080846" elapsed="3.001942"/>
</kw>
<kw name="Wait Until Page Contains" owner="SeleniumLibrary">
<arg>รายงานและติดตามปัญหา</arg>
<arg>${TIMEOUT}</arg>
<doc>Waits until ``text`` appears on the current page.</doc>
<status status="PASS" start="2026-03-17T20:04:54.083054" elapsed="0.013922"/>
</kw>
<kw name="Wait Until Page Contains Element" owner="SeleniumLibrary">
<arg>xpath=//button[contains(text(),'ประวัติรายงาน')]</arg>
<arg>${TIMEOUT}</arg>
<doc>Waits until the element ``locator`` appears on the current page.</doc>
<status status="PASS" start="2026-03-17T20:04:54.097184" elapsed="0.007448"/>
</kw>
<kw name="Click Element" owner="SeleniumLibrary">
<msg time="2026-03-17T20:04:54.105049" level="INFO">Clicking element 'xpath=//button[contains(text(),'ประวัติรายงาน')]'.</msg>
<arg>xpath=//button[contains(text(),'ประวัติรายงาน')]</arg>
<doc>Click the element identified by ``locator``.</doc>
<status status="PASS" start="2026-03-17T20:04:54.104833" elapsed="0.067188"/>
</kw>
<kw name="Sleep" owner="BuiltIn">
<msg time="2026-03-17T20:04:56.172942" level="INFO">Slept 2 seconds.</msg>
<arg>2s</arg>
<doc>Pauses the test executed for the given time.</doc>
<status status="PASS" start="2026-03-17T20:04:54.172268" elapsed="2.000835"/>
</kw>
<kw name="Run Keyword And Return Status" owner="BuiltIn">
<kw name="Wait Until Page Contains Element" owner="SeleniumLibrary">
<arg>xpath=//span[contains(@class,'rounded-full') and (contains(text(),'รอพิจารณา') or contains(text(),'รับเรื่อง') or contains(text(),'ปฏิเสธ') or contains(text(),'แก้ไขแล้ว'))]</arg>
<arg>5s</arg>
<doc>Waits until the element ``locator`` appears on the current page.</doc>
<status status="PASS" start="2026-03-17T20:04:56.173879" elapsed="0.015218"/>
</kw>
<msg time="2026-03-17T20:04:56.189325" level="INFO">${has_reports} = True</msg>
<var>${has_reports}</var>
<arg>Wait Until Page Contains Element</arg>
<arg>xpath=//span[contains(@class,'rounded-full') and (contains(text(),'รอพิจารณา') or contains(text(),'รับเรื่อง') or contains(text(),'ปฏิเสธ') or contains(text(),'แก้ไขแล้ว'))]</arg>
<arg>5s</arg>
<doc>Runs the specified keyword and returns the status as a Boolean value.</doc>
<status status="PASS" start="2026-03-17T20:04:56.173355" elapsed="0.016014"/>
</kw>
<kw name="Run Keyword If" owner="BuiltIn">
<kw name="Log" owner="BuiltIn">
<msg time="2026-03-17T20:04:56.190494" level="INFO">พบรายการรายงานพร้อม status badge</msg>
<arg>พบรายการรายงานพร้อม status badge</arg>
<doc>Logs the given message with the given level.</doc>
<status status="PASS" start="2026-03-17T20:04:56.190191" elapsed="0.000365"/>
</kw>
<arg>${has_reports}</arg>
<arg>Log</arg>
<arg>พบรายการรายงานพร้อม status badge</arg>
<doc>Runs the given keyword with the given arguments, if ``condition`` is true.</doc>
<status status="PASS" start="2026-03-17T20:04:56.189606" elapsed="0.001029"/>
</kw>
<kw name="Run Keyword If" owner="BuiltIn">
<arg>not ${has_reports}</arg>
<arg>Page Should Contain</arg>
<arg>ยังไม่มีรายงานใดๆ</arg>
<doc>Runs the given keyword with the given arguments, if ``condition`` is true.</doc>
<status status="PASS" start="2026-03-17T20:04:56.190768" elapsed="0.000405"/>
</kw>
<doc>Passenger navigates to http://localhost:3001/profile/reports (profile/reports),
clicks the "ประวัติรายงาน" tab, and verifies report entries with status badge are shown.</doc>
<status status="PASS" start="2026-03-17T20:04:50.818129" elapsed="5.373209"/>
</kw>
<kw name="Wait Until Page Contains Element" owner="SeleniumLibrary">
<arg>xpath=//span[contains(@class,'bg-yellow-100') and contains(text(),'รอพิจารณา')]</arg>
<arg>${TIMEOUT}</arg>
<doc>Waits until the element ``locator`` appears on the current page.</doc>
<status status="PASS" start="2026-03-17T20:04:56.191720" elapsed="0.017520"/>
</kw>
<kw name="Page Should Contain" owner="SeleniumLibrary">
<msg time="2026-03-17T20:04:56.245476" level="INFO">Current page contains text 'รอพิจารณา'.</msg>
<arg>รอพิจารณา</arg>
<doc>Verifies that current page contains ``text``.</doc>
<status status="PASS" start="2026-03-17T20:04:56.209621" elapsed="0.035999"/>
</kw>
<kw name="Logout">
<kw name="Delete All Cookies" owner="SeleniumLibrary">
<doc>Deletes all cookies.</doc>
<status status="PASS" start="2026-03-17T20:04:56.246595" elapsed="0.023876"/>
</kw>
<kw name="Go To" owner="SeleniumLibrary">
<msg time="2026-03-17T20:04:56.270939" level="INFO">Opening url 'http://localhost:3001/login'</msg>
<arg>${URL}/login</arg>
<doc>Navigates the current browser window to the provided ``url``.</doc>
<status status="PASS" start="2026-03-17T20:04:56.270704" elapsed="0.251429"/>
</kw>
<kw name="Wait Until Page Contains Element" owner="SeleniumLibrary">
<arg>id=identifier</arg>
<arg>${TIMEOUT}</arg>
<doc>Waits until the element ``locator`` appears on the current page.</doc>
<status status="PASS" start="2026-03-17T20:04:56.522504" elapsed="0.035695"/>
</kw>
<kw name="Sleep" owner="BuiltIn">
<msg time="2026-03-17T20:04:57.559765" level="INFO">Slept 1 second.</msg>
<arg>1s</arg>
<doc>Pauses the test executed for the given time.</doc>
<status status="PASS" start="2026-03-17T20:04:56.558564" elapsed="1.001355"/>
</kw>
<status status="PASS" start="2026-03-17T20:04:56.246102" elapsed="1.313963"/>
</kw>
<doc>Full flow: create a new trip → passenger reports in-trip →
passenger opens history page → status badge is "รอพิจารณา" (PENDING).</doc>
<status status="PASS" start="2026-03-17T20:03:22.545943" elapsed="95.014533"/>
</test>
<kw name="Close All Browsers" owner="SeleniumLibrary" type="TEARDOWN">
<doc>Closes all open browsers and resets the browser cache.</doc>
<status status="PASS" start="2026-03-17T20:04:57.561644" elapsed="2.619820"/>
</kw>
<status status="PASS" start="2026-03-17T20:03:08.541412" elapsed="111.640230"/>
</suite>
<statistics>
<total>
<stat pass="2" fail="0" skip="0">All Tests</stat>
</total>
<tag>
</tag>
<suite>
<stat name="Report New" id="s1" pass="2" fail="0" skip="0">Report New</stat>
</suite>
</statistics>
<errors>
</errors>
</robot>
